Analysis & Synthesis report for Memory
Thu May 16 14:31:16 2024
Quartus Prime Version 18.1.0 Build 625 09/12/2018 SJ Lite Edition


---------------------
; Table of Contents ;
---------------------
  1. Legal Notice
  2. Analysis & Synthesis Summary
  3. Analysis & Synthesis Settings
  4. Parallel Compilation
  5. Analysis & Synthesis Source Files Read
  6. Analysis & Synthesis Resource Usage Summary
  7. Analysis & Synthesis Resource Utilization by Entity
  8. Analysis & Synthesis RAM Summary
  9. General Register Statistics
 10. Registers Packed Into Inferred Megafunctions
 11. Multiplexer Restructuring Statistics (Restructuring Performed)
 12. Source assignments for DataMemory:datamm|altsyncram:RAM_rtl_0|altsyncram_ahi1:auto_generated
 13. Source assignments for ProgramMemory:progmem|altsyncram:ROM_rtl_0|altsyncram_4e71:auto_generated
 14. Parameter Settings for Inferred Entity Instance: DataMemory:datamm|altsyncram:RAM_rtl_0
 15. Parameter Settings for Inferred Entity Instance: ProgramMemory:progmem|altsyncram:ROM_rtl_0
 16. altsyncram Parameter Settings by Entity Instance
 17. Post-Synthesis Netlist Statistics for Top Partition
 18. Elapsed Time Per Partition
 19. Analysis & Synthesis Messages



----------------
; Legal Notice ;
----------------
Copyright (C) 2018  Intel Corporation. All rights reserved.
Your use of Intel Corporation's design tools, logic functions 
and other software and tools, and its AMPP partner logic 
functions, and any output files from any of the foregoing 
(including device programming or simulation files), and any 
associated documentation or information are expressly subject 
to the terms and conditions of the Intel Program License 
Subscription Agreement, the Intel Quartus Prime License Agreement,
the Intel FPGA IP License Agreement, or other applicable license
agreement, including, without limitation, that your use is for
the sole purpose of programming logic devices manufactured by
Intel and sold by Intel or its authorized distributors.  Please
refer to the applicable agreement for further details.



+----------------------------------------------------------------------------------+
; Analysis & Synthesis Summary                                                     ;
+------------------------------------+---------------------------------------------+
; Analysis & Synthesis Status        ; Successful - Thu May 16 14:31:16 2024       ;
; Quartus Prime Version              ; 18.1.0 Build 625 09/12/2018 SJ Lite Edition ;
; Revision Name                      ; Memory                                      ;
; Top-level Entity Name              ; Memory                                      ;
; Family                             ; Cyclone IV E                                ;
; Total logic elements               ; 250                                         ;
;     Total combinational functions  ; 130                                         ;
;     Dedicated logic registers      ; 128                                         ;
; Total registers                    ; 128                                         ;
; Total pins                         ; 283                                         ;
; Total virtual pins                 ; 0                                           ;
; Total memory bits                  ; 1,792                                       ;
; Embedded Multiplier 9-bit elements ; 0                                           ;
; Total PLLs                         ; 0                                           ;
+------------------------------------+---------------------------------------------+


+------------------------------------------------------------------------------------------------------------+
; Analysis & Synthesis Settings                                                                              ;
+------------------------------------------------------------------+--------------------+--------------------+
; Option                                                           ; Setting            ; Default Value      ;
+------------------------------------------------------------------+--------------------+--------------------+
; Top-level entity name                                            ; Memory             ; Memory             ;
; Family name                                                      ; Cyclone IV E       ; Cyclone V          ;
; Use smart compilation                                            ; Off                ; Off                ;
; Enable parallel Assembler and Timing Analyzer during compilation ; On                 ; On                 ;
; Enable compact report table                                      ; Off                ; Off                ;
; Restructure Multiplexers                                         ; Auto               ; Auto               ;
; Create Debugging Nodes for IP Cores                              ; Off                ; Off                ;
; Preserve fewer node names                                        ; On                 ; On                 ;
; Intel FPGA IP Evaluation Mode                                    ; Enable             ; Enable             ;
; Verilog Version                                                  ; Verilog_2001       ; Verilog_2001       ;
; VHDL Version                                                     ; VHDL_1993          ; VHDL_1993          ;
; State Machine Processing                                         ; Auto               ; Auto               ;
; Safe State Machine                                               ; Off                ; Off                ;
; Extract Verilog State Machines                                   ; On                 ; On                 ;
; Extract VHDL State Machines                                      ; On                 ; On                 ;
; Ignore Verilog initial constructs                                ; Off                ; Off                ;
; Iteration limit for constant Verilog loops                       ; 5000               ; 5000               ;
; Iteration limit for non-constant Verilog loops                   ; 250                ; 250                ;
; Add Pass-Through Logic to Inferred RAMs                          ; On                 ; On                 ;
; Infer RAMs from Raw Logic                                        ; On                 ; On                 ;
; Parallel Synthesis                                               ; On                 ; On                 ;
; DSP Block Balancing                                              ; Auto               ; Auto               ;
; NOT Gate Push-Back                                               ; On                 ; On                 ;
; Power-Up Don't Care                                              ; On                 ; On                 ;
; Remove Redundant Logic Cells                                     ; Off                ; Off                ;
; Remove Duplicate Registers                                       ; On                 ; On                 ;
; Ignore CARRY Buffers                                             ; Off                ; Off                ;
; Ignore CASCADE Buffers                                           ; Off                ; Off                ;
; Ignore GLOBAL Buffers                                            ; Off                ; Off                ;
; Ignore ROW GLOBAL Buffers                                        ; Off                ; Off                ;
; Ignore LCELL Buffers                                             ; Off                ; Off                ;
; Ignore SOFT Buffers                                              ; On                 ; On                 ;
; Limit AHDL Integers to 32 Bits                                   ; Off                ; Off                ;
; Optimization Technique                                           ; Balanced           ; Balanced           ;
; Carry Chain Length                                               ; 70                 ; 70                 ;
; Auto Carry Chains                                                ; On                 ; On                 ;
; Auto Open-Drain Pins                                             ; On                 ; On                 ;
; Perform WYSIWYG Primitive Resynthesis                            ; Off                ; Off                ;
; Auto ROM Replacement                                             ; On                 ; On                 ;
; Auto RAM Replacement                                             ; On                 ; On                 ;
; Auto DSP Block Replacement                                       ; On                 ; On                 ;
; Auto Shift Register Replacement                                  ; Auto               ; Auto               ;
; Allow Shift Register Merging across Hierarchies                  ; Auto               ; Auto               ;
; Auto Clock Enable Replacement                                    ; On                 ; On                 ;
; Strict RAM Replacement                                           ; Off                ; Off                ;
; Allow Synchronous Control Signals                                ; On                 ; On                 ;
; Force Use of Synchronous Clear Signals                           ; Off                ; Off                ;
; Auto RAM Block Balancing                                         ; On                 ; On                 ;
; Auto RAM to Logic Cell Conversion                                ; Off                ; Off                ;
; Auto Resource Sharing                                            ; Off                ; Off                ;
; Allow Any RAM Size For Recognition                               ; Off                ; Off                ;
; Allow Any ROM Size For Recognition                               ; Off                ; Off                ;
; Allow Any Shift Register Size For Recognition                    ; Off                ; Off                ;
; Use LogicLock Constraints during Resource Balancing              ; On                 ; On                 ;
; Ignore translate_off and synthesis_off directives                ; Off                ; Off                ;
; Timing-Driven Synthesis                                          ; On                 ; On                 ;
; Report Parameter Settings                                        ; On                 ; On                 ;
; Report Source Assignments                                        ; On                 ; On                 ;
; Report Connectivity Checks                                       ; On                 ; On                 ;
; Ignore Maximum Fan-Out Assignments                               ; Off                ; Off                ;
; Synchronization Register Chain Length                            ; 2                  ; 2                  ;
; Power Optimization During Synthesis                              ; Normal compilation ; Normal compilation ;
; HDL message level                                                ; Level2             ; Level2             ;
; Suppress Register Optimization Related Messages                  ; Off                ; Off                ;
; Number of Removed Registers Reported in Synthesis Report         ; 5000               ; 5000               ;
; Number of Swept Nodes Reported in Synthesis Report               ; 5000               ; 5000               ;
; Number of Inverted Registers Reported in Synthesis Report        ; 100                ; 100                ;
; Clock MUX Protection                                             ; On                 ; On                 ;
; Auto Gated Clock Conversion                                      ; Off                ; Off                ;
; Block Design Naming                                              ; Auto               ; Auto               ;
; SDC constraint protection                                        ; Off                ; Off                ;
; Synthesis Effort                                                 ; Auto               ; Auto               ;
; Shift Register Replacement - Allow Asynchronous Clear Signal     ; On                 ; On                 ;
; Pre-Mapping Resynthesis Optimization                             ; Off                ; Off                ;
; Analysis & Synthesis Message Level                               ; Medium             ; Medium             ;
; Disable Register Merging Across Hierarchies                      ; Auto               ; Auto               ;
; Resource Aware Inference For Block RAM                           ; On                 ; On                 ;
+------------------------------------------------------------------+--------------------+--------------------+


+------------------------------------------+
; Parallel Compilation                     ;
+----------------------------+-------------+
; Processors                 ; Number      ;
+----------------------------+-------------+
; Number detected on machine ; 8           ;
; Maximum allowed            ; 4           ;
;                            ;             ;
; Average used               ; 1.00        ;
; Maximum used               ; 1           ;
;                            ;             ;
; Usage by Processor         ; % Time Used ;
;     Processor 1            ; 100.0%      ;
+----------------------------+-------------+


+--------------------------------------------------------------------------------------------------------------------------------------------------------------------------------------------------------------------------------------------------+
; Analysis & Synthesis Source Files Read                                                                                                                                                                                                           ;
+-----------------------------------------------+-----------------+-------------------------------------------------------+--------------------------------------------------------------------------------------------------------------+---------+
; File Name with User-Entered Path              ; Used in Netlist ; File Type                                             ; File Name with Absolute Path                                                                                 ; Library ;
+-----------------------------------------------+-----------------+-------------------------------------------------------+--------------------------------------------------------------------------------------------------------------+---------+
; ../ProgramMemory/ProgramMemory.vhd            ; yes             ; User VHDL File                                        ; C:/Users/Eduardo/Desktop/Logica_Progra/procesador_8bits/ProgramMemory/ProgramMemory.vhd                      ;         ;
; ../OutputPort/OutputPort.vhd                  ; yes             ; User VHDL File                                        ; C:/Users/Eduardo/Desktop/Logica_Progra/procesador_8bits/OutputPort/OutputPort.vhd                            ;         ;
; ../Multiplexor/Multiplexor.vhd                ; yes             ; User VHDL File                                        ; C:/Users/Eduardo/Desktop/Logica_Progra/procesador_8bits/Multiplexor/Multiplexor.vhd                          ;         ;
; ../DataMemory/DataMemory.vhd                  ; yes             ; User VHDL File                                        ; C:/Users/Eduardo/Desktop/Logica_Progra/procesador_8bits/DataMemory/DataMemory.vhd                            ;         ;
; Memory.vhd                                    ; yes             ; User VHDL File                                        ; C:/Users/Eduardo/Desktop/Logica_Progra/procesador_8bits/Memory/Memory.vhd                                    ;         ;
; altsyncram.tdf                                ; yes             ; Megafunction                                          ; c:/intelfpga_lite/18.1/quartus/libraries/megafunctions/altsyncram.tdf                                        ;         ;
; stratix_ram_block.inc                         ; yes             ; Megafunction                                          ; c:/intelfpga_lite/18.1/quartus/libraries/megafunctions/stratix_ram_block.inc                                 ;         ;
; lpm_mux.inc                                   ; yes             ; Megafunction                                          ; c:/intelfpga_lite/18.1/quartus/libraries/megafunctions/lpm_mux.inc                                           ;         ;
; lpm_decode.inc                                ; yes             ; Megafunction                                          ; c:/intelfpga_lite/18.1/quartus/libraries/megafunctions/lpm_decode.inc                                        ;         ;
; aglobal181.inc                                ; yes             ; Megafunction                                          ; c:/intelfpga_lite/18.1/quartus/libraries/megafunctions/aglobal181.inc                                        ;         ;
; a_rdenreg.inc                                 ; yes             ; Megafunction                                          ; c:/intelfpga_lite/18.1/quartus/libraries/megafunctions/a_rdenreg.inc                                         ;         ;
; altrom.inc                                    ; yes             ; Megafunction                                          ; c:/intelfpga_lite/18.1/quartus/libraries/megafunctions/altrom.inc                                            ;         ;
; altram.inc                                    ; yes             ; Megafunction                                          ; c:/intelfpga_lite/18.1/quartus/libraries/megafunctions/altram.inc                                            ;         ;
; altdpram.inc                                  ; yes             ; Megafunction                                          ; c:/intelfpga_lite/18.1/quartus/libraries/megafunctions/altdpram.inc                                          ;         ;
; db/altsyncram_ahi1.tdf                        ; yes             ; Auto-Generated Megafunction                           ; C:/Users/Eduardo/Desktop/Logica_Progra/procesador_8bits/Memory/db/altsyncram_ahi1.tdf                        ;         ;
; db/Memory.ram0_DataMemory_5d7c1658.hdl.mif    ; yes             ; Auto-Generated Auto-Found Memory Initialization File  ; C:/Users/Eduardo/Desktop/Logica_Progra/procesador_8bits/Memory/db/Memory.ram0_DataMemory_5d7c1658.hdl.mif    ;         ;
; db/altsyncram_4e71.tdf                        ; yes             ; Auto-Generated Megafunction                           ; C:/Users/Eduardo/Desktop/Logica_Progra/procesador_8bits/Memory/db/altsyncram_4e71.tdf                        ;         ;
; db/Memory.ram0_ProgramMemory_85930c83.hdl.mif ; yes             ; Auto-Generated Auto-Found Memory Initialization File  ; C:/Users/Eduardo/Desktop/Logica_Progra/procesador_8bits/Memory/db/Memory.ram0_ProgramMemory_85930c83.hdl.mif ;         ;
+-----------------------------------------------+-----------------+-------------------------------------------------------+--------------------------------------------------------------------------------------------------------------+---------+


+---------------------------------------------------------+
; Analysis & Synthesis Resource Usage Summary             ;
+---------------------------------------------+-----------+
; Resource                                    ; Usage     ;
+---------------------------------------------+-----------+
; Estimated Total logic elements              ; 250       ;
;                                             ;           ;
; Total combinational functions               ; 130       ;
; Logic element usage by number of LUT inputs ;           ;
;     -- 4 input functions                    ; 97        ;
;     -- 3 input functions                    ; 25        ;
;     -- <=2 input functions                  ; 8         ;
;                                             ;           ;
; Logic elements by mode                      ;           ;
;     -- normal mode                          ; 130       ;
;     -- arithmetic mode                      ; 0         ;
;                                             ;           ;
; Total registers                             ; 128       ;
;     -- Dedicated logic registers            ; 128       ;
;     -- I/O registers                        ; 0         ;
;                                             ;           ;
; I/O pins                                    ; 283       ;
; Total memory bits                           ; 1792      ;
;                                             ;           ;
; Embedded Multiplier 9-bit elements          ; 0         ;
;                                             ;           ;
; Maximum fan-out node                        ; CLK~input ;
; Maximum fan-out                             ; 144       ;
; Total fan-out                               ; 1426      ;
; Average fan-out                             ; 1.70      ;
+---------------------------------------------+-----------+


+-------------------------------------------------------------------------------------------------------------------------------------------------------------------------------------------------------------------------------------------------------------------------------------------+
; Analysis & Synthesis Resource Utilization by Entity                                                                                                                                                                                                                                       ;
+-------------------------------------------+---------------------+---------------------------+-------------+--------------+---------+-----------+------+--------------+-----------------------------------------------------------------------------------+-----------------+--------------+
; Compilation Hierarchy Node                ; Combinational ALUTs ; Dedicated Logic Registers ; Memory Bits ; DSP Elements ; DSP 9x9 ; DSP 18x18 ; Pins ; Virtual Pins ; Full Hierarchy Name                                                               ; Entity Name     ; Library Name ;
+-------------------------------------------+---------------------+---------------------------+-------------+--------------+---------+-----------+------+--------------+-----------------------------------------------------------------------------------+-----------------+--------------+
; |Memory                                   ; 130 (0)             ; 128 (0)                   ; 1792        ; 0            ; 0       ; 0         ; 283  ; 0            ; |Memory                                                                           ; Memory          ; work         ;
;    |DataMemory:datamm|                    ; 0 (0)               ; 0 (0)                     ; 768         ; 0            ; 0       ; 0         ; 0    ; 0            ; |Memory|DataMemory:datamm                                                         ; DataMemory      ; work         ;
;       |altsyncram:RAM_rtl_0|              ; 0 (0)               ; 0 (0)                     ; 768         ; 0            ; 0       ; 0         ; 0    ; 0            ; |Memory|DataMemory:datamm|altsyncram:RAM_rtl_0                                    ; altsyncram      ; work         ;
;          |altsyncram_ahi1:auto_generated| ; 0 (0)               ; 0 (0)                     ; 768         ; 0            ; 0       ; 0         ; 0    ; 0            ; |Memory|DataMemory:datamm|altsyncram:RAM_rtl_0|altsyncram_ahi1:auto_generated     ; altsyncram_ahi1 ; work         ;
;    |Multiplexor:mux|                      ; 98 (98)             ; 0 (0)                     ; 0           ; 0            ; 0       ; 0         ; 0    ; 0            ; |Memory|Multiplexor:mux                                                           ; Multiplexor     ; work         ;
;    |OutputPort:ports|                     ; 32 (32)             ; 128 (128)                 ; 0           ; 0            ; 0       ; 0         ; 0    ; 0            ; |Memory|OutputPort:ports                                                          ; OutputPort      ; work         ;
;    |ProgramMemory:progmem|                ; 0 (0)               ; 0 (0)                     ; 1024        ; 0            ; 0       ; 0         ; 0    ; 0            ; |Memory|ProgramMemory:progmem                                                     ; ProgramMemory   ; work         ;
;       |altsyncram:ROM_rtl_0|              ; 0 (0)               ; 0 (0)                     ; 1024        ; 0            ; 0       ; 0         ; 0    ; 0            ; |Memory|ProgramMemory:progmem|altsyncram:ROM_rtl_0                                ; altsyncram      ; work         ;
;          |altsyncram_4e71:auto_generated| ; 0 (0)               ; 0 (0)                     ; 1024        ; 0            ; 0       ; 0         ; 0    ; 0            ; |Memory|ProgramMemory:progmem|altsyncram:ROM_rtl_0|altsyncram_4e71:auto_generated ; altsyncram_4e71 ; work         ;
+-------------------------------------------+---------------------+---------------------------+-------------+--------------+---------+-----------+------+--------------+-----------------------------------------------------------------------------------+-----------------+--------------+
Note: For table entries with two numbers listed, the numbers in parentheses indicate the number of resources of the given type used by the specific entity alone. The numbers listed outside of parentheses indicate the total resources of the given type used by the specific entity and all of its sub-entities in the hierarchy.


+-----------------------------------------------------------------------------------------------------------------------------------------------------------------------------------------------------------------------------------+
; Analysis & Synthesis RAM Summary                                                                                                                                                                                                  ;
+--------------------------------------------------------------------------------------+------+------------------+--------------+--------------+--------------+--------------+------+-----------------------------------------------+
; Name                                                                                 ; Type ; Mode             ; Port A Depth ; Port A Width ; Port B Depth ; Port B Width ; Size ; MIF                                           ;
+--------------------------------------------------------------------------------------+------+------------------+--------------+--------------+--------------+--------------+------+-----------------------------------------------+
; DataMemory:datamm|altsyncram:RAM_rtl_0|altsyncram_ahi1:auto_generated|ALTSYNCRAM     ; AUTO ; Simple Dual Port ; 96           ; 8            ; 96           ; 8            ; 768  ; db/Memory.ram0_DataMemory_5d7c1658.hdl.mif    ;
; ProgramMemory:progmem|altsyncram:ROM_rtl_0|altsyncram_4e71:auto_generated|ALTSYNCRAM ; AUTO ; ROM              ; 128          ; 8            ; --           ; --           ; 1024 ; db/Memory.ram0_ProgramMemory_85930c83.hdl.mif ;
+--------------------------------------------------------------------------------------+------+------------------+--------------+--------------+--------------+--------------+------+-----------------------------------------------+


+------------------------------------------------------+
; General Register Statistics                          ;
+----------------------------------------------+-------+
; Statistic                                    ; Value ;
+----------------------------------------------+-------+
; Total registers                              ; 128   ;
; Number of registers using Synchronous Clear  ; 0     ;
; Number of registers using Synchronous Load   ; 0     ;
; Number of registers using Asynchronous Clear ; 0     ;
; Number of registers using Asynchronous Load  ; 0     ;
; Number of registers using Clock Enable       ; 128   ;
; Number of registers using Preset             ; 0     ;
+----------------------------------------------+-------+


+-------------------------------------------------------------------------------+
; Registers Packed Into Inferred Megafunctions                                  ;
+--------------------------------------+---------------------------------+------+
; Register Name                        ; Megafunction                    ; Type ;
+--------------------------------------+---------------------------------+------+
; DataMemory:datamm|data_out[0..7]     ; DataMemory:datamm|RAM_rtl_0     ; RAM  ;
; ProgramMemory:progmem|data_out[0..7] ; ProgramMemory:progmem|ROM_rtl_0 ; RAM  ;
+--------------------------------------+---------------------------------+------+


+---------------------------------------------------------------------------------------------------------------------------------------------------+
; Multiplexer Restructuring Statistics (Restructuring Performed)                                                                                    ;
+--------------------+-----------+---------------+----------------------+------------------------+------------+-------------------------------------+
; Multiplexer Inputs ; Bus Width ; Baseline Area ; Area if Restructured ; Saving if Restructured ; Registered ; Example Multiplexer Output          ;
+--------------------+-----------+---------------+----------------------+------------------------+------------+-------------------------------------+
; 3:1                ; 8 bits    ; 16 LEs        ; 8 LEs                ; 8 LEs                  ; Yes        ; |Memory|OutputPort:ports|RAM[0][6]  ;
; 3:1                ; 8 bits    ; 16 LEs        ; 8 LEs                ; 8 LEs                  ; Yes        ; |Memory|OutputPort:ports|RAM[1][0]  ;
; 3:1                ; 8 bits    ; 16 LEs        ; 8 LEs                ; 8 LEs                  ; Yes        ; |Memory|OutputPort:ports|RAM[2][0]  ;
; 3:1                ; 8 bits    ; 16 LEs        ; 8 LEs                ; 8 LEs                  ; Yes        ; |Memory|OutputPort:ports|RAM[3][2]  ;
; 3:1                ; 8 bits    ; 16 LEs        ; 8 LEs                ; 8 LEs                  ; Yes        ; |Memory|OutputPort:ports|RAM[4][0]  ;
; 3:1                ; 8 bits    ; 16 LEs        ; 8 LEs                ; 8 LEs                  ; Yes        ; |Memory|OutputPort:ports|RAM[5][0]  ;
; 3:1                ; 8 bits    ; 16 LEs        ; 8 LEs                ; 8 LEs                  ; Yes        ; |Memory|OutputPort:ports|RAM[6][0]  ;
; 3:1                ; 8 bits    ; 16 LEs        ; 8 LEs                ; 8 LEs                  ; Yes        ; |Memory|OutputPort:ports|RAM[7][0]  ;
; 3:1                ; 8 bits    ; 16 LEs        ; 8 LEs                ; 8 LEs                  ; Yes        ; |Memory|OutputPort:ports|RAM[8][1]  ;
; 3:1                ; 8 bits    ; 16 LEs        ; 8 LEs                ; 8 LEs                  ; Yes        ; |Memory|OutputPort:ports|RAM[9][2]  ;
; 3:1                ; 8 bits    ; 16 LEs        ; 8 LEs                ; 8 LEs                  ; Yes        ; |Memory|OutputPort:ports|RAM[10][0] ;
; 3:1                ; 8 bits    ; 16 LEs        ; 8 LEs                ; 8 LEs                  ; Yes        ; |Memory|OutputPort:ports|RAM[11][0] ;
; 3:1                ; 8 bits    ; 16 LEs        ; 8 LEs                ; 8 LEs                  ; Yes        ; |Memory|OutputPort:ports|RAM[12][0] ;
; 3:1                ; 8 bits    ; 16 LEs        ; 8 LEs                ; 8 LEs                  ; Yes        ; |Memory|OutputPort:ports|RAM[13][4] ;
; 3:1                ; 8 bits    ; 16 LEs        ; 8 LEs                ; 8 LEs                  ; Yes        ; |Memory|OutputPort:ports|RAM[14][3] ;
; 3:1                ; 8 bits    ; 16 LEs        ; 8 LEs                ; 8 LEs                  ; Yes        ; |Memory|OutputPort:ports|RAM[15][7] ;
; 20:1               ; 8 bits    ; 104 LEs       ; 96 LEs               ; 8 LEs                  ; No         ; |Memory|Multiplexor:mux|data_out[5] ;
+--------------------+-----------+---------------+----------------------+------------------------+------------+-------------------------------------+


+----------------------------------------------------------------------------------------------+
; Source assignments for DataMemory:datamm|altsyncram:RAM_rtl_0|altsyncram_ahi1:auto_generated ;
+---------------------------------+--------------------+------+--------------------------------+
; Assignment                      ; Value              ; From ; To                             ;
+---------------------------------+--------------------+------+--------------------------------+
; OPTIMIZE_POWER_DURING_SYNTHESIS ; NORMAL_COMPILATION ; -    ; -                              ;
+---------------------------------+--------------------+------+--------------------------------+


+--------------------------------------------------------------------------------------------------+
; Source assignments for ProgramMemory:progmem|altsyncram:ROM_rtl_0|altsyncram_4e71:auto_generated ;
+---------------------------------+--------------------+------+------------------------------------+
; Assignment                      ; Value              ; From ; To                                 ;
+---------------------------------+--------------------+------+------------------------------------+
; OPTIMIZE_POWER_DURING_SYNTHESIS ; NORMAL_COMPILATION ; -    ; -                                  ;
+---------------------------------+--------------------+------+------------------------------------+


+--------------------------------------------------------------------------------------------------+
; Parameter Settings for Inferred Entity Instance: DataMemory:datamm|altsyncram:RAM_rtl_0          ;
+------------------------------------+--------------------------------------------+----------------+
; Parameter Name                     ; Value                                      ; Type           ;
+------------------------------------+--------------------------------------------+----------------+
; BYTE_SIZE_BLOCK                    ; 8                                          ; Untyped        ;
; AUTO_CARRY_CHAINS                  ; ON                                         ; AUTO_CARRY     ;
; IGNORE_CARRY_BUFFERS               ; OFF                                        ; IGNORE_CARRY   ;
; AUTO_CASCADE_CHAINS                ; ON                                         ; AUTO_CASCADE   ;
; IGNORE_CASCADE_BUFFERS             ; OFF                                        ; IGNORE_CASCADE ;
; WIDTH_BYTEENA                      ; 1                                          ; Untyped        ;
; OPERATION_MODE                     ; DUAL_PORT                                  ; Untyped        ;
; WIDTH_A                            ; 8                                          ; Untyped        ;
; WIDTHAD_A                          ; 7                                          ; Untyped        ;
; NUMWORDS_A                         ; 96                                         ; Untyped        ;
; OUTDATA_REG_A                      ; UNREGISTERED                               ; Untyped        ;
; ADDRESS_ACLR_A                     ; NONE                                       ; Untyped        ;
; OUTDATA_ACLR_A                     ; NONE                                       ; Untyped        ;
; WRCONTROL_ACLR_A                   ; NONE                                       ; Untyped        ;
; INDATA_ACLR_A                      ; NONE                                       ; Untyped        ;
; BYTEENA_ACLR_A                     ; NONE                                       ; Untyped        ;
; WIDTH_B                            ; 8                                          ; Untyped        ;
; WIDTHAD_B                          ; 7                                          ; Untyped        ;
; NUMWORDS_B                         ; 96                                         ; Untyped        ;
; INDATA_REG_B                       ; CLOCK1                                     ; Untyped        ;
; WRCONTROL_WRADDRESS_REG_B          ; CLOCK1                                     ; Untyped        ;
; RDCONTROL_REG_B                    ; CLOCK1                                     ; Untyped        ;
; ADDRESS_REG_B                      ; CLOCK1                                     ; Untyped        ;
; OUTDATA_REG_B                      ; UNREGISTERED                               ; Untyped        ;
; BYTEENA_REG_B                      ; CLOCK1                                     ; Untyped        ;
; INDATA_ACLR_B                      ; NONE                                       ; Untyped        ;
; WRCONTROL_ACLR_B                   ; NONE                                       ; Untyped        ;
; ADDRESS_ACLR_B                     ; NONE                                       ; Untyped        ;
; OUTDATA_ACLR_B                     ; NONE                                       ; Untyped        ;
; RDCONTROL_ACLR_B                   ; NONE                                       ; Untyped        ;
; BYTEENA_ACLR_B                     ; NONE                                       ; Untyped        ;
; WIDTH_BYTEENA_A                    ; 1                                          ; Untyped        ;
; WIDTH_BYTEENA_B                    ; 1                                          ; Untyped        ;
; RAM_BLOCK_TYPE                     ; AUTO                                       ; Untyped        ;
; BYTE_SIZE                          ; 8                                          ; Untyped        ;
; READ_DURING_WRITE_MODE_MIXED_PORTS ; DONT_CARE                                  ; Untyped        ;
; READ_DURING_WRITE_MODE_PORT_A      ; NEW_DATA_NO_NBE_READ                       ; Untyped        ;
; READ_DURING_WRITE_MODE_PORT_B      ; NEW_DATA_NO_NBE_READ                       ; Untyped        ;
; INIT_FILE                          ; db/Memory.ram0_DataMemory_5d7c1658.hdl.mif ; Untyped        ;
; INIT_FILE_LAYOUT                   ; PORT_A                                     ; Untyped        ;
; MAXIMUM_DEPTH                      ; 0                                          ; Untyped        ;
; CLOCK_ENABLE_INPUT_A               ; NORMAL                                     ; Untyped        ;
; CLOCK_ENABLE_INPUT_B               ; NORMAL                                     ; Untyped        ;
; CLOCK_ENABLE_OUTPUT_A              ; NORMAL                                     ; Untyped        ;
; CLOCK_ENABLE_OUTPUT_B              ; NORMAL                                     ; Untyped        ;
; CLOCK_ENABLE_CORE_A                ; USE_INPUT_CLKEN                            ; Untyped        ;
; CLOCK_ENABLE_CORE_B                ; USE_INPUT_CLKEN                            ; Untyped        ;
; ENABLE_ECC                         ; FALSE                                      ; Untyped        ;
; ECC_PIPELINE_STAGE_ENABLED         ; FALSE                                      ; Untyped        ;
; WIDTH_ECCSTATUS                    ; 3                                          ; Untyped        ;
; DEVICE_FAMILY                      ; Cyclone IV E                               ; Untyped        ;
; CBXI_PARAMETER                     ; altsyncram_ahi1                            ; Untyped        ;
+------------------------------------+--------------------------------------------+----------------+
Note: In order to hide this table in the UI and the text report file, please set the "Show Parameter Settings in Synthesis Report" option in "Analysis and Synthesis Settings -> More Settings" to "Off".


+-----------------------------------------------------------------------------------------------------+
; Parameter Settings for Inferred Entity Instance: ProgramMemory:progmem|altsyncram:ROM_rtl_0         ;
+------------------------------------+-----------------------------------------------+----------------+
; Parameter Name                     ; Value                                         ; Type           ;
+------------------------------------+-----------------------------------------------+----------------+
; BYTE_SIZE_BLOCK                    ; 8                                             ; Untyped        ;
; AUTO_CARRY_CHAINS                  ; ON                                            ; AUTO_CARRY     ;
; IGNORE_CARRY_BUFFERS               ; OFF                                           ; IGNORE_CARRY   ;
; AUTO_CASCADE_CHAINS                ; ON                                            ; AUTO_CASCADE   ;
; IGNORE_CASCADE_BUFFERS             ; OFF                                           ; IGNORE_CASCADE ;
; WIDTH_BYTEENA                      ; 1                                             ; Untyped        ;
; OPERATION_MODE                     ; ROM                                           ; Untyped        ;
; WIDTH_A                            ; 8                                             ; Untyped        ;
; WIDTHAD_A                          ; 7                                             ; Untyped        ;
; NUMWORDS_A                         ; 128                                           ; Untyped        ;
; OUTDATA_REG_A                      ; UNREGISTERED                                  ; Untyped        ;
; ADDRESS_ACLR_A                     ; NONE                                          ; Untyped        ;
; OUTDATA_ACLR_A                     ; NONE                                          ; Untyped        ;
; WRCONTROL_ACLR_A                   ; NONE                                          ; Untyped        ;
; INDATA_ACLR_A                      ; NONE                                          ; Untyped        ;
; BYTEENA_ACLR_A                     ; NONE                                          ; Untyped        ;
; WIDTH_B                            ; 1                                             ; Untyped        ;
; WIDTHAD_B                          ; 1                                             ; Untyped        ;
; NUMWORDS_B                         ; 1                                             ; Untyped        ;
; INDATA_REG_B                       ; CLOCK1                                        ; Untyped        ;
; WRCONTROL_WRADDRESS_REG_B          ; CLOCK1                                        ; Untyped        ;
; RDCONTROL_REG_B                    ; CLOCK1                                        ; Untyped        ;
; ADDRESS_REG_B                      ; CLOCK1                                        ; Untyped        ;
; OUTDATA_REG_B                      ; UNREGISTERED                                  ; Untyped        ;
; BYTEENA_REG_B                      ; CLOCK1                                        ; Untyped        ;
; INDATA_ACLR_B                      ; NONE                                          ; Untyped        ;
; WRCONTROL_ACLR_B                   ; NONE                                          ; Untyped        ;
; ADDRESS_ACLR_B                     ; NONE                                          ; Untyped        ;
; OUTDATA_ACLR_B                     ; NONE                                          ; Untyped        ;
; RDCONTROL_ACLR_B                   ; NONE                                          ; Untyped        ;
; BYTEENA_ACLR_B                     ; NONE                                          ; Untyped        ;
; WIDTH_BYTEENA_A                    ; 1                                             ; Untyped        ;
; WIDTH_BYTEENA_B                    ; 1                                             ; Untyped        ;
; RAM_BLOCK_TYPE                     ; AUTO                                          ; Untyped        ;
; BYTE_SIZE                          ; 8                                             ; Untyped        ;
; READ_DURING_WRITE_MODE_MIXED_PORTS ; DONT_CARE                                     ; Untyped        ;
; READ_DURING_WRITE_MODE_PORT_A      ; NEW_DATA_NO_NBE_READ                          ; Untyped        ;
; READ_DURING_WRITE_MODE_PORT_B      ; NEW_DATA_NO_NBE_READ                          ; Untyped        ;
; INIT_FILE                          ; db/Memory.ram0_ProgramMemory_85930c83.hdl.mif ; Untyped        ;
; INIT_FILE_LAYOUT                   ; PORT_A                                        ; Untyped        ;
; MAXIMUM_DEPTH                      ; 0                                             ; Untyped        ;
; CLOCK_ENABLE_INPUT_A               ; NORMAL                                        ; Untyped        ;
; CLOCK_ENABLE_INPUT_B               ; NORMAL                                        ; Untyped        ;
; CLOCK_ENABLE_OUTPUT_A              ; NORMAL                                        ; Untyped        ;
; CLOCK_ENABLE_OUTPUT_B              ; NORMAL                                        ; Untyped        ;
; CLOCK_ENABLE_CORE_A                ; USE_INPUT_CLKEN                               ; Untyped        ;
; CLOCK_ENABLE_CORE_B                ; USE_INPUT_CLKEN                               ; Untyped        ;
; ENABLE_ECC                         ; FALSE                                         ; Untyped        ;
; ECC_PIPELINE_STAGE_ENABLED         ; FALSE                                         ; Untyped        ;
; WIDTH_ECCSTATUS                    ; 3                                             ; Untyped        ;
; DEVICE_FAMILY                      ; Cyclone IV E                                  ; Untyped        ;
; CBXI_PARAMETER                     ; altsyncram_4e71                               ; Untyped        ;
+------------------------------------+-----------------------------------------------+----------------+
Note: In order to hide this table in the UI and the text report file, please set the "Show Parameter Settings in Synthesis Report" option in "Analysis and Synthesis Settings -> More Settings" to "Off".


+----------------------------------------------------------------------------------------+
; altsyncram Parameter Settings by Entity Instance                                       ;
+-------------------------------------------+--------------------------------------------+
; Name                                      ; Value                                      ;
+-------------------------------------------+--------------------------------------------+
; Number of entity instances                ; 2                                          ;
; Entity Instance                           ; DataMemory:datamm|altsyncram:RAM_rtl_0     ;
;     -- OPERATION_MODE                     ; DUAL_PORT                                  ;
;     -- WIDTH_A                            ; 8                                          ;
;     -- NUMWORDS_A                         ; 96                                         ;
;     -- OUTDATA_REG_A                      ; UNREGISTERED                               ;
;     -- WIDTH_B                            ; 8                                          ;
;     -- NUMWORDS_B                         ; 96                                         ;
;     -- ADDRESS_REG_B                      ; CLOCK1                                     ;
;     -- OUTDATA_REG_B                      ; UNREGISTERED                               ;
;     -- RAM_BLOCK_TYPE                     ; AUTO                                       ;
;     -- READ_DURING_WRITE_MODE_MIXED_PORTS ; DONT_CARE                                  ;
; Entity Instance                           ; ProgramMemory:progmem|altsyncram:ROM_rtl_0 ;
;     -- OPERATION_MODE                     ; ROM                                        ;
;     -- WIDTH_A                            ; 8                                          ;
;     -- NUMWORDS_A                         ; 128                                        ;
;     -- OUTDATA_REG_A                      ; UNREGISTERED                               ;
;     -- WIDTH_B                            ; 1                                          ;
;     -- NUMWORDS_B                         ; 1                                          ;
;     -- ADDRESS_REG_B                      ; CLOCK1                                     ;
;     -- OUTDATA_REG_B                      ; UNREGISTERED                               ;
;     -- RAM_BLOCK_TYPE                     ; AUTO                                       ;
;     -- READ_DURING_WRITE_MODE_MIXED_PORTS ; DONT_CARE                                  ;
+-------------------------------------------+--------------------------------------------+


+-----------------------------------------------------+
; Post-Synthesis Netlist Statistics for Top Partition ;
+-----------------------+-----------------------------+
; Type                  ; Count                       ;
+-----------------------+-----------------------------+
; boundary_port         ; 283                         ;
; cycloneiii_ff         ; 128                         ;
;     ENA               ; 128                         ;
; cycloneiii_lcell_comb ; 130                         ;
;     normal            ; 130                         ;
;         2 data inputs ; 8                           ;
;         3 data inputs ; 25                          ;
;         4 data inputs ; 97                          ;
; cycloneiii_ram_block  ; 16                          ;
;                       ;                             ;
; Max LUT depth         ; 5.00                        ;
; Average LUT depth     ; 2.56                        ;
+-----------------------+-----------------------------+


+-------------------------------+
; Elapsed Time Per Partition    ;
+----------------+--------------+
; Partition Name ; Elapsed Time ;
+----------------+--------------+
; Top            ; 00:00:01     ;
+----------------+--------------+


+-------------------------------+
; Analysis & Synthesis Messages ;
+-------------------------------+
Info: *******************************************************************
Info: Running Quartus Prime Analysis & Synthesis
    Info: Version 18.1.0 Build 625 09/12/2018 SJ Lite Edition
    Info: Processing started: Thu May 16 14:30:59 2024
Info: Command: quartus_map --read_settings_files=on --write_settings_files=off Memory -c Memory
Warning (18236): Number of processors has not been specified which may cause overloading on shared machines.  Set the global assignment NUM_PARALLEL_PROCESSORS in your QSF to an appropriate value for best performance.
Info (20030): Parallel compilation is enabled and will use 4 of the 4 processors detected
Info (12021): Found 2 design units, including 1 entities, in source file /users/eduardo/desktop/logica_progra/procesador_8bits/programmemory/programmemory.vhd
    Info (12022): Found design unit 1: ProgramMemory-Arc File: C:/Users/Eduardo/Desktop/Logica_Progra/procesador_8bits/ProgramMemory/ProgramMemory.vhd Line: 43
    Info (12023): Found entity 1: ProgramMemory File: C:/Users/Eduardo/Desktop/Logica_Progra/procesador_8bits/ProgramMemory/ProgramMemory.vhd Line: 6
Info (12021): Found 2 design units, including 1 entities, in source file /users/eduardo/desktop/logica_progra/procesador_8bits/outputport/outputport.vhd
    Info (12022): Found design unit 1: OutputPort-Arc File: C:/Users/Eduardo/Desktop/Logica_Progra/procesador_8bits/OutputPort/OutputPort.vhd Line: 16
    Info (12023): Found entity 1: OutputPort File: C:/Users/Eduardo/Desktop/Logica_Progra/procesador_8bits/OutputPort/OutputPort.vhd Line: 5
Info (12021): Found 2 design units, including 1 entities, in source file /users/eduardo/desktop/logica_progra/procesador_8bits/multiplexor/multiplexor.vhd
    Info (12022): Found design unit 1: Multiplexor-Arc File: C:/Users/Eduardo/Desktop/Logica_Progra/procesador_8bits/Multiplexor/Multiplexor.vhd Line: 17
    Info (12023): Found entity 1: Multiplexor File: C:/Users/Eduardo/Desktop/Logica_Progra/procesador_8bits/Multiplexor/Multiplexor.vhd Line: 5
Info (12021): Found 2 design units, including 1 entities, in source file /users/eduardo/desktop/logica_progra/procesador_8bits/datamemory/datamemory.vhd
    Info (12022): Found design unit 1: DataMemory-Arc File: C:/Users/Eduardo/Desktop/Logica_Progra/procesador_8bits/DataMemory/DataMemory.vhd Line: 13
    Info (12023): Found entity 1: DataMemory File: C:/Users/Eduardo/Desktop/Logica_Progra/procesador_8bits/DataMemory/DataMemory.vhd Line: 5
Info (12021): Found 2 design units, including 1 entities, in source file memory.vhd
    Info (12022): Found design unit 1: Memory-Arc File: C:/Users/Eduardo/Desktop/Logica_Progra/procesador_8bits/Memory/Memory.vhd Line: 21
    Info (12023): Found entity 1: Memory File: C:/Users/Eduardo/Desktop/Logica_Progra/procesador_8bits/Memory/Memory.vhd Line: 5
Info (12127): Elaborating entity "Memory" for the top level hierarchy
Info (12128): Elaborating entity "ProgramMemory" for hierarchy "ProgramMemory:progmem" File: C:/Users/Eduardo/Desktop/Logica_Progra/procesador_8bits/Memory/Memory.vhd Line: 69
Info (12128): Elaborating entity "DataMemory" for hierarchy "DataMemory:datamm" File: C:/Users/Eduardo/Desktop/Logica_Progra/procesador_8bits/Memory/Memory.vhd Line: 70
Info (12128): Elaborating entity "OutputPort" for hierarchy "OutputPort:ports" File: C:/Users/Eduardo/Desktop/Logica_Progra/procesador_8bits/Memory/Memory.vhd Line: 71
Info (12128): Elaborating entity "Multiplexor" for hierarchy "Multiplexor:mux" File: C:/Users/Eduardo/Desktop/Logica_Progra/procesador_8bits/Memory/Memory.vhd Line: 72
Warning (276027): Inferred dual-clock RAM node "DataMemory:datamm|RAM_rtl_0" from synchronous design logic.  The read-during-write behavior of a dual-clock RAM is undefined and may not match the behavior of the original design.
Info (19000): Inferred 2 megafunctions from design logic
    Info (276029): Inferred altsyncram megafunction from the following design logic: "DataMemory:datamm|RAM_rtl_0" 
        Info (286033): Parameter OPERATION_MODE set to DUAL_PORT
        Info (286033): Parameter WIDTH_A set to 8
        Info (286033): Parameter WIDTHAD_A set to 7
        Info (286033): Parameter NUMWORDS_A set to 96
        Info (286033): Parameter WIDTH_B set to 8
        Info (286033): Parameter WIDTHAD_B set to 7
        Info (286033): Parameter NUMWORDS_B set to 96
        Info (286033): Parameter ADDRESS_ACLR_A set to NONE
        Info (286033): Parameter OUTDATA_REG_B set to UNREGISTERED
        Info (286033): Parameter ADDRESS_ACLR_B set to NONE
        Info (286033): Parameter OUTDATA_ACLR_B set to NONE
        Info (286033): Parameter ADDRESS_REG_B set to CLOCK1
        Info (286033): Parameter INDATA_ACLR_A set to NONE
        Info (286033): Parameter WRCONTROL_ACLR_A set to NONE
        Info (286033): Parameter INIT_FILE set to db/Memory.ram0_DataMemory_5d7c1658.hdl.mif
    Info (276029): Inferred altsyncram megafunction from the following design logic: "ProgramMemory:progmem|ROM_rtl_0" 
        Info (286033): Parameter OPERATION_MODE set to ROM
        Info (286033): Parameter WIDTH_A set to 8
        Info (286033): Parameter WIDTHAD_A set to 7
        Info (286033): Parameter NUMWORDS_A set to 128
        Info (286033): Parameter OUTDATA_REG_A set to UNREGISTERED
        Info (286033): Parameter ADDRESS_ACLR_A set to NONE
        Info (286033): Parameter OUTDATA_ACLR_A set to NONE
        Info (286033): Parameter INDATA_ACLR_A set to NONE
        Info (286033): Parameter WRCONTROL_ACLR_A set to NONE
        Info (286033): Parameter INIT_FILE set to db/Memory.ram0_ProgramMemory_85930c83.hdl.mif
Info (12130): Elaborated megafunction instantiation "DataMemory:datamm|altsyncram:RAM_rtl_0"
Info (12133): Instantiated megafunction "DataMemory:datamm|altsyncram:RAM_rtl_0" with the following parameter:
    Info (12134): Parameter "OPERATION_MODE" = "DUAL_PORT"
    Info (12134): Parameter "WIDTH_A" = "8"
    Info (12134): Parameter "WIDTHAD_A" = "7"
    Info (12134): Parameter "NUMWORDS_A" = "96"
    Info (12134): Parameter "WIDTH_B" = "8"
    Info (12134): Parameter "WIDTHAD_B" = "7"
    Info (12134): Parameter "NUMWORDS_B" = "96"
    Info (12134): Parameter "ADDRESS_ACLR_A" = "NONE"
    Info (12134): Parameter "OUTDATA_REG_B" = "UNREGISTERED"
    Info (12134): Parameter "ADDRESS_ACLR_B" = "NONE"
    Info (12134): Parameter "OUTDATA_ACLR_B" = "NONE"
    Info (12134): Parameter "ADDRESS_REG_B" = "CLOCK1"
    Info (12134): Parameter "INDATA_ACLR_A" = "NONE"
    Info (12134): Parameter "WRCONTROL_ACLR_A" = "NONE"
    Info (12134): Parameter "INIT_FILE" = "db/Memory.ram0_DataMemory_5d7c1658.hdl.mif"
Info (12021): Found 1 design units, including 1 entities, in source file db/altsyncram_ahi1.tdf
    Info (12023): Found entity 1: altsyncram_ahi1 File: C:/Users/Eduardo/Desktop/Logica_Progra/procesador_8bits/Memory/db/altsyncram_ahi1.tdf Line: 27
Warning (113028): 32 out of 128 addresses are uninitialized. The Quartus Prime software will initialize them to "0". There are 1 warnings found, and 1 warnings are reported. File: C:/Users/Eduardo/Desktop/Logica_Progra/procesador_8bits/Memory/db/Memory.ram0_DataMemory_5d7c1658.hdl.mif Line: 1
    Warning (113027): Addresses ranging from 96 to 127 are not initialized File: C:/Users/Eduardo/Desktop/Logica_Progra/procesador_8bits/Memory/db/Memory.ram0_DataMemory_5d7c1658.hdl.mif Line: 1
Critical Warning (127004): Memory depth (96) in the design file differs from memory depth (128) in the Memory Initialization File "C:/Users/Eduardo/Desktop/Logica_Progra/procesador_8bits/Memory/db/Memory.ram0_DataMemory_5d7c1658.hdl.mif" -- truncated remaining initial content value to fit RAM File: c:/intelfpga_lite/18.1/quartus/libraries/megafunctions/altsyncram.tdf Line: 791
Info (12130): Elaborated megafunction instantiation "ProgramMemory:progmem|altsyncram:ROM_rtl_0"
Info (12133): Instantiated megafunction "ProgramMemory:progmem|altsyncram:ROM_rtl_0" with the following parameter:
    Info (12134): Parameter "OPERATION_MODE" = "ROM"
    Info (12134): Parameter "WIDTH_A" = "8"
    Info (12134): Parameter "WIDTHAD_A" = "7"
    Info (12134): Parameter "NUMWORDS_A" = "128"
    Info (12134): Parameter "OUTDATA_REG_A" = "UNREGISTERED"
    Info (12134): Parameter "ADDRESS_ACLR_A" = "NONE"
    Info (12134): Parameter "OUTDATA_ACLR_A" = "NONE"
    Info (12134): Parameter "INDATA_ACLR_A" = "NONE"
    Info (12134): Parameter "WRCONTROL_ACLR_A" = "NONE"
    Info (12134): Parameter "INIT_FILE" = "db/Memory.ram0_ProgramMemory_85930c83.hdl.mif"
Info (12021): Found 1 design units, including 1 entities, in source file db/altsyncram_4e71.tdf
    Info (12023): Found entity 1: altsyncram_4e71 File: C:/Users/Eduardo/Desktop/Logica_Progra/procesador_8bits/Memory/db/altsyncram_4e71.tdf Line: 27
Info (286030): Timing-Driven Synthesis is running
Info (16010): Generating hard_block partition "hard_block:auto_generated_inst"
    Info (16011): Adding 0 node(s), including 0 DDIO, 0 PLL, 0 transceiver and 0 LCELL
Info (21057): Implemented 557 device resources after synthesis - the final resource count might be different
    Info (21058): Implemented 147 input pins
    Info (21059): Implemented 136 output pins
    Info (21061): Implemented 258 logic cells
    Info (21064): Implemented 16 RAM segments
Info: Quartus Prime Analysis & Synthesis was successful. 0 errors, 5 warnings
    Info: Peak virtual memory: 4813 megabytes
    Info: Processing ended: Thu May 16 14:31:16 2024
    Info: Elapsed time: 00:00:17
    Info: Total CPU time (on all processors): 00:00:31


