Analysis & Synthesis report for CPU
Mon May 20 10:25:07 2024
Quartus Prime Version 18.1.0 Build 625 09/12/2018 SJ Lite Edition


---------------------
; Table of Contents ;
---------------------
  1. Legal Notice
  2. Analysis & Synthesis Summary
  3. Analysis & Synthesis Settings
  4. Parallel Compilation
  5. Analysis & Synthesis Source Files Read
  6. Analysis & Synthesis Resource Usage Summary
  7. Analysis & Synthesis Resource Utilization by Entity
  8. State Machine - |CPU|process_unit:C1|mestados_p:C1|EDO
  9. User-Specified and Inferred Latches
 10. Registers Removed During Synthesis
 11. General Register Statistics
 12. Multiplexer Restructuring Statistics (Restructuring Performed)
 13. Port Connectivity Checks: "process_unit:C1|data_path:C2"
 14. Port Connectivity Checks: "process_unit:C1|mestados_p:C1"
 15. Post-Synthesis Netlist Statistics for Top Partition
 16. Elapsed Time Per Partition
 17. Analysis & Synthesis Messages



----------------
; Legal Notice ;
----------------
Copyright (C) 2018  Intel Corporation. All rights reserved.
Your use of Intel Corporation's design tools, logic functions 
and other software and tools, and its AMPP partner logic 
functions, and any output files from any of the foregoing 
(including device programming or simulation files), and any 
associated documentation or information are expressly subject 
to the terms and conditions of the Intel Program License 
Subscription Agreement, the Intel Quartus Prime License Agreement,
the Intel FPGA IP License Agreement, or other applicable license
agreement, including, without limitation, that your use is for
the sole purpose of programming logic devices manufactured by
Intel and sold by Intel or its authorized distributors.  Please
refer to the applicable agreement for further details.



+----------------------------------------------------------------------------------+
; Analysis & Synthesis Summary                                                     ;
+------------------------------------+---------------------------------------------+
; Analysis & Synthesis Status        ; Successful - Mon May 20 10:25:07 2024       ;
; Quartus Prime Version              ; 18.1.0 Build 625 09/12/2018 SJ Lite Edition ;
; Revision Name                      ; CPU                                         ;
; Top-level Entity Name              ; CPU                                         ;
; Family                             ; MAX 10                                      ;
; Total logic elements               ; 1,923                                       ;
;     Total combinational functions  ; 1,067                                       ;
;     Dedicated logic registers      ; 999                                         ;
; Total registers                    ; 999                                         ;
; Total pins                         ; 258                                         ;
; Total virtual pins                 ; 0                                           ;
; Total memory bits                  ; 0                                           ;
; Embedded Multiplier 9-bit elements ; 0                                           ;
; Total PLLs                         ; 0                                           ;
; UFM blocks                         ; 0                                           ;
; ADC blocks                         ; 0                                           ;
+------------------------------------+---------------------------------------------+


+------------------------------------------------------------------------------------------------------------+
; Analysis & Synthesis Settings                                                                              ;
+------------------------------------------------------------------+--------------------+--------------------+
; Option                                                           ; Setting            ; Default Value      ;
+------------------------------------------------------------------+--------------------+--------------------+
; Device                                                           ; 10M50DAF484C7G     ;                    ;
; Top-level entity name                                            ; CPU                ; CPU                ;
; Family name                                                      ; MAX 10             ; Cyclone V          ;
; Use smart compilation                                            ; Off                ; Off                ;
; Enable parallel Assembler and Timing Analyzer during compilation ; On                 ; On                 ;
; Enable compact report table                                      ; Off                ; Off                ;
; Restructure Multiplexers                                         ; Auto               ; Auto               ;
; Create Debugging Nodes for IP Cores                              ; Off                ; Off                ;
; Preserve fewer node names                                        ; On                 ; On                 ;
; Intel FPGA IP Evaluation Mode                                    ; Enable             ; Enable             ;
; Verilog Version                                                  ; Verilog_2001       ; Verilog_2001       ;
; VHDL Version                                                     ; VHDL_1993          ; VHDL_1993          ;
; State Machine Processing                                         ; Auto               ; Auto               ;
; Safe State Machine                                               ; Off                ; Off                ;
; Extract Verilog State Machines                                   ; On                 ; On                 ;
; Extract VHDL State Machines                                      ; On                 ; On                 ;
; Ignore Verilog initial constructs                                ; Off                ; Off                ;
; Iteration limit for constant Verilog loops                       ; 5000               ; 5000               ;
; Iteration limit for non-constant Verilog loops                   ; 250                ; 250                ;
; Add Pass-Through Logic to Inferred RAMs                          ; On                 ; On                 ;
; Infer RAMs from Raw Logic                                        ; On                 ; On                 ;
; Parallel Synthesis                                               ; On                 ; On                 ;
; DSP Block Balancing                                              ; Auto               ; Auto               ;
; NOT Gate Push-Back                                               ; On                 ; On                 ;
; Power-Up Don't Care                                              ; On                 ; On                 ;
; Remove Redundant Logic Cells                                     ; Off                ; Off                ;
; Remove Duplicate Registers                                       ; On                 ; On                 ;
; Ignore CARRY Buffers                                             ; Off                ; Off                ;
; Ignore CASCADE Buffers                                           ; Off                ; Off                ;
; Ignore GLOBAL Buffers                                            ; Off                ; Off                ;
; Ignore ROW GLOBAL Buffers                                        ; Off                ; Off                ;
; Ignore LCELL Buffers                                             ; Off                ; Off                ;
; Ignore SOFT Buffers                                              ; On                 ; On                 ;
; Limit AHDL Integers to 32 Bits                                   ; Off                ; Off                ;
; Optimization Technique                                           ; Balanced           ; Balanced           ;
; Carry Chain Length                                               ; 70                 ; 70                 ;
; Auto Carry Chains                                                ; On                 ; On                 ;
; Auto Open-Drain Pins                                             ; On                 ; On                 ;
; Perform WYSIWYG Primitive Resynthesis                            ; Off                ; Off                ;
; Auto ROM Replacement                                             ; On                 ; On                 ;
; Auto RAM Replacement                                             ; On                 ; On                 ;
; Auto DSP Block Replacement                                       ; On                 ; On                 ;
; Auto Shift Register Replacement                                  ; Auto               ; Auto               ;
; Allow Shift Register Merging across Hierarchies                  ; Auto               ; Auto               ;
; Auto Clock Enable Replacement                                    ; On                 ; On                 ;
; Strict RAM Replacement                                           ; Off                ; Off                ;
; Allow Synchronous Control Signals                                ; On                 ; On                 ;
; Force Use of Synchronous Clear Signals                           ; Off                ; Off                ;
; Auto RAM Block Balancing                                         ; On                 ; On                 ;
; Auto RAM to Logic Cell Conversion                                ; Off                ; Off                ;
; Auto Resource Sharing                                            ; Off                ; Off                ;
; Allow Any RAM Size For Recognition                               ; Off                ; Off                ;
; Allow Any ROM Size For Recognition                               ; Off                ; Off                ;
; Allow Any Shift Register Size For Recognition                    ; Off                ; Off                ;
; Use LogicLock Constraints during Resource Balancing              ; On                 ; On                 ;
; Ignore translate_off and synthesis_off directives                ; Off                ; Off                ;
; Timing-Driven Synthesis                                          ; On                 ; On                 ;
; Report Parameter Settings                                        ; On                 ; On                 ;
; Report Source Assignments                                        ; On                 ; On                 ;
; Report Connectivity Checks                                       ; On                 ; On                 ;
; Ignore Maximum Fan-Out Assignments                               ; Off                ; Off                ;
; Synchronization Register Chain Length                            ; 2                  ; 2                  ;
; Power Optimization During Synthesis                              ; Normal compilation ; Normal compilation ;
; HDL message level                                                ; Level2             ; Level2             ;
; Suppress Register Optimization Related Messages                  ; Off                ; Off                ;
; Number of Removed Registers Reported in Synthesis Report         ; 5000               ; 5000               ;
; Number of Swept Nodes Reported in Synthesis Report               ; 5000               ; 5000               ;
; Number of Inverted Registers Reported in Synthesis Report        ; 100                ; 100                ;
; Clock MUX Protection                                             ; On                 ; On                 ;
; Auto Gated Clock Conversion                                      ; Off                ; Off                ;
; Block Design Naming                                              ; Auto               ; Auto               ;
; SDC constraint protection                                        ; Off                ; Off                ;
; Synthesis Effort                                                 ; Auto               ; Auto               ;
; Shift Register Replacement - Allow Asynchronous Clear Signal     ; On                 ; On                 ;
; Pre-Mapping Resynthesis Optimization                             ; Off                ; Off                ;
; Analysis & Synthesis Message Level                               ; Medium             ; Medium             ;
; Disable Register Merging Across Hierarchies                      ; Auto               ; Auto               ;
; Resource Aware Inference For Block RAM                           ; On                 ; On                 ;
+------------------------------------------------------------------+--------------------+--------------------+


+------------------------------------------+
; Parallel Compilation                     ;
+----------------------------+-------------+
; Processors                 ; Number      ;
+----------------------------+-------------+
; Number detected on machine ; 8           ;
; Maximum allowed            ; 4           ;
;                            ;             ;
; Average used               ; 1.00        ;
; Maximum used               ; 4           ;
;                            ;             ;
; Usage by Processor         ; % Time Used ;
;     Processor 1            ; 100.0%      ;
;     Processor 2            ;   0.1%      ;
;     Processor 3            ;   0.1%      ;
;     Processor 4            ;   0.1%      ;
+----------------------------+-------------+


+----------------------------------------------------------------------------------------------------------------------------------------------------------------------------+
; Analysis & Synthesis Source Files Read                                                                                                                                     ;
+------------------------------------+-----------------+-----------------+-----------------------------------------------------------------------------------------+---------+
; File Name with User-Entered Path   ; Used in Netlist ; File Type       ; File Name with Absolute Path                                                            ; Library ;
+------------------------------------+-----------------+-----------------+-----------------------------------------------------------------------------------------+---------+
; ../Multiplexor/Multiplexor.vhd     ; yes             ; User VHDL File  ; C:/Users/Eduardo/Desktop/Logica_Progra/procesador_8bits/Multiplexor/Multiplexor.vhd     ;         ;
; ../OutputPort/OutputPort.vhd       ; yes             ; User VHDL File  ; C:/Users/Eduardo/Desktop/Logica_Progra/procesador_8bits/OutputPort/OutputPort.vhd       ;         ;
; ../ProgramMemory/ProgramMemory.vhd ; yes             ; User VHDL File  ; C:/Users/Eduardo/Desktop/Logica_Progra/procesador_8bits/ProgramMemory/ProgramMemory.vhd ;         ;
; ../Memory/Memory.vhd               ; yes             ; User VHDL File  ; C:/Users/Eduardo/Desktop/Logica_Progra/procesador_8bits/Memory/Memory.vhd               ;         ;
; ../DataMemory/DataMemory.vhd       ; yes             ; User VHDL File  ; C:/Users/Eduardo/Desktop/Logica_Progra/procesador_8bits/DataMemory/DataMemory.vhd       ;         ;
; ../regs/regs.vhd                   ; yes             ; User VHDL File  ; C:/Users/Eduardo/Desktop/Logica_Progra/procesador_8bits/regs/regs.vhd                   ;         ;
; ../process_unit/process_unit.vhd   ; yes             ; User VHDL File  ; C:/Users/Eduardo/Desktop/Logica_Progra/procesador_8bits/process_unit/process_unit.vhd   ;         ;
; ../pc/pc.vhd                       ; yes             ; User VHDL File  ; C:/Users/Eduardo/Desktop/Logica_Progra/procesador_8bits/pc/pc.vhd                       ;         ;
; ../mestados_p/mestados_p.vhd       ; yes             ; User VHDL File  ; C:/Users/Eduardo/Desktop/Logica_Progra/procesador_8bits/mestados_p/mestados_p.vhd       ;         ;
; ../data_path/data_path.vhd         ; yes             ; User VHDL File  ; C:/Users/Eduardo/Desktop/Logica_Progra/procesador_8bits/data_path/data_path.vhd         ;         ;
; ../ALU/ALU.vhd                     ; yes             ; User VHDL File  ; C:/Users/Eduardo/Desktop/Logica_Progra/procesador_8bits/ALU/ALU.vhd                     ;         ;
; CPU.vhd                            ; yes             ; User VHDL File  ; C:/Users/Eduardo/Desktop/Logica_Progra/procesador_8bits/CPU/CPU.vhd                     ;         ;
+------------------------------------+-----------------+-----------------+-----------------------------------------------------------------------------------------+---------+


+---------------------------------------------------------+
; Analysis & Synthesis Resource Usage Summary             ;
+---------------------------------------------+-----------+
; Resource                                    ; Usage     ;
+---------------------------------------------+-----------+
; Estimated Total logic elements              ; 1,923     ;
;                                             ;           ;
; Total combinational functions               ; 1067      ;
; Logic element usage by number of LUT inputs ;           ;
;     -- 4 input functions                    ; 834       ;
;     -- 3 input functions                    ; 111       ;
;     -- <=2 input functions                  ; 122       ;
;                                             ;           ;
; Logic elements by mode                      ;           ;
;     -- normal mode                          ; 1051      ;
;     -- arithmetic mode                      ; 16        ;
;                                             ;           ;
; Total registers                             ; 999       ;
;     -- Dedicated logic registers            ; 999       ;
;     -- I/O registers                        ; 0         ;
;                                             ;           ;
; I/O pins                                    ; 258       ;
;                                             ;           ;
; Embedded Multiplier 9-bit elements          ; 0         ;
;                                             ;           ;
; Maximum fan-out node                        ; CLK~input ;
; Maximum fan-out                             ; 999       ;
; Total fan-out                               ; 7287      ;
; Average fan-out                             ; 2.82      ;
+---------------------------------------------+-----------+


+---------------------------------------------------------------------------------------------------------------------------------------------------------------------------------------------------------------------------------------------------------------+
; Analysis & Synthesis Resource Utilization by Entity                                                                                                                                                                                                           ;
+-------------------------------+---------------------+---------------------------+-------------+------------+--------------+---------+-----------+------+--------------+------------+-------------------------------------------+---------------+--------------+
; Compilation Hierarchy Node    ; Combinational ALUTs ; Dedicated Logic Registers ; Memory Bits ; UFM Blocks ; DSP Elements ; DSP 9x9 ; DSP 18x18 ; Pins ; Virtual Pins ; ADC blocks ; Full Hierarchy Name                       ; Entity Name   ; Library Name ;
+-------------------------------+---------------------+---------------------------+-------------+------------+--------------+---------+-----------+------+--------------+------------+-------------------------------------------+---------------+--------------+
; |CPU                          ; 1067 (0)            ; 999 (0)                   ; 0           ; 0          ; 0            ; 0       ; 0         ; 258  ; 0            ; 0          ; |CPU                                      ; CPU           ; work         ;
;    |Memory:C2|                ; 730 (0)             ; 912 (0)                   ; 0           ; 0          ; 0            ; 0       ; 0         ; 0    ; 0            ; 0          ; |CPU|Memory:C2                            ; Memory        ; work         ;
;       |DataMemory:datamm|     ; 682 (682)           ; 776 (776)                 ; 0           ; 0          ; 0            ; 0       ; 0         ; 0    ; 0            ; 0          ; |CPU|Memory:C2|DataMemory:datamm          ; DataMemory    ; work         ;
;       |OutputPort:ports|      ; 32 (32)             ; 128 (128)                 ; 0           ; 0          ; 0            ; 0       ; 0         ; 0    ; 0            ; 0          ; |CPU|Memory:C2|OutputPort:ports           ; OutputPort    ; work         ;
;       |ProgramMemory:progmem| ; 16 (16)             ; 8 (8)                     ; 0           ; 0          ; 0            ; 0       ; 0         ; 0    ; 0            ; 0          ; |CPU|Memory:C2|ProgramMemory:progmem      ; ProgramMemory ; work         ;
;    |process_unit:C1|          ; 337 (0)             ; 87 (0)                    ; 0           ; 0          ; 0            ; 0       ; 0         ; 0    ; 0            ; 0          ; |CPU|process_unit:C1                      ; process_unit  ; work         ;
;       |data_path:C2|          ; 221 (129)           ; 44 (0)                    ; 0           ; 0          ; 0            ; 0       ; 0         ; 0    ; 0            ; 0          ; |CPU|process_unit:C1|data_path:C2         ; data_path     ; work         ;
;          |ALU:C2|             ; 82 (82)             ; 0 (0)                     ; 0           ; 0          ; 0            ; 0       ; 0         ; 0    ; 0            ; 0          ; |CPU|process_unit:C1|data_path:C2|ALU:C2  ; ALU           ; work         ;
;          |PC:C1|              ; 10 (10)             ; 9 (9)                     ; 0           ; 0          ; 0            ; 0       ; 0         ; 0    ; 0            ; 0          ; |CPU|process_unit:C1|data_path:C2|PC:C1   ; PC            ; work         ;
;          |regs:CR|            ; 0 (0)               ; 35 (35)                   ; 0           ; 0          ; 0            ; 0       ; 0         ; 0    ; 0            ; 0          ; |CPU|process_unit:C1|data_path:C2|regs:CR ; regs          ; work         ;
;       |mestados_p:C1|         ; 116 (116)           ; 43 (43)                   ; 0           ; 0          ; 0            ; 0       ; 0         ; 0    ; 0            ; 0          ; |CPU|process_unit:C1|mestados_p:C1        ; mestados_p    ; work         ;
+-------------------------------+---------------------+---------------------------+-------------+------------+--------------+---------+-----------+------+--------------+------------+-------------------------------------------+---------------+--------------+
Note: For table entries with two numbers listed, the numbers in parentheses indicate the number of resources of the given type used by the specific entity alone. The numbers listed outside of parentheses indicate the total resources of the given type used by the specific entity and all of its sub-entities in the hierarchy.


Encoding Type:  One-Hot
+------------------------------------------------------------------------------------------------------------------------------------------------------------------------------------------------------------------------------------------------------------------------------------------------------------------------------------------------------------------------------------------------------------------------------------------------------------------------------------------------------------------------------------------------------------------------------------------------------------------------------------------+
; State Machine - |CPU|process_unit:C1|mestados_p:C1|EDO                                                                                                                                                                                                                                                                                                                                                                                                                                                                                                                                                                                   ;
+-----------------+-----------+-----------+-----------+-----------+-----------+-----------+------------+-----------+------------+------------+------------+-------------+------------+-------------+------------+------------+-------------+-------------+----------+----------+----------+------------+----------+----------+----------+------------+-------------+-------------+-------------+------------+----------------+-----------------+-----------------+-----------------+-----------------+----------------+---------------+----------------+----------------+----------------+------------+------------+------------+----------+
; Name            ; EDO.NOT_B ; EDO.NOT_A ; EDO.DEC_B ; EDO.DEC_A ; EDO.INC_B ; EDO.INC_A ; EDO.XOR_AB ; EDO.OR_AB ; EDO.AND_AB ; EDO.SUB_AB ; EDO.ADD_AB ; EDO.JCC1_NZ ; EDO.JCC1_C ; EDO.JCC1_NC ; EDO.JCC1_V ; EDO.JCC1_Z ; EDO.JCC1_NN ; EDO.JCC1_NV ; EDO.JCC4 ; EDO.JCC3 ; EDO.JCC2 ; EDO.JCC1_N ; EDO.JMP3 ; EDO.JMP2 ; EDO.JMP1 ; EDO.STOREB ; EDO.STOREA4 ; EDO.STOREA3 ; EDO.STOREA2 ; EDO.STOREA ; EDO.Load_DIR_B ; EDO.Load_DIR_A5 ; EDO.Load_DIR_A4 ; EDO.Load_DIR_A3 ; EDO.Load_DIR_A2 ; EDO.Load_DIR_A ; EDO.Load_inmB ; EDO.Load_inmA3 ; EDO.Load_inmA2 ; EDO.Load_inmA1 ; EDO.Decode ; EDO.Fetch2 ; EDO.Fetch1 ; EDO.IDLE ;
+-----------------+-----------+-----------+-----------+-----------+-----------+-----------+------------+-----------+------------+------------+------------+-------------+------------+-------------+------------+------------+-------------+-------------+----------+----------+----------+------------+----------+----------+----------+------------+-------------+-------------+-------------+------------+----------------+-----------------+-----------------+-----------------+-----------------+----------------+---------------+----------------+----------------+----------------+------------+------------+------------+----------+
; EDO.IDLE        ; 0         ; 0         ; 0         ; 0         ; 0         ; 0         ; 0          ; 0         ; 0          ; 0          ; 0          ; 0           ; 0          ; 0           ; 0          ; 0          ; 0           ; 0           ; 0        ; 0        ; 0        ; 0          ; 0        ; 0        ; 0        ; 0          ; 0           ; 0           ; 0           ; 0          ; 0              ; 0               ; 0               ; 0               ; 0               ; 0              ; 0             ; 0              ; 0              ; 0              ; 0          ; 0          ; 0          ; 0        ;
; EDO.Fetch1      ; 0         ; 0         ; 0         ; 0         ; 0         ; 0         ; 0          ; 0         ; 0          ; 0          ; 0          ; 0           ; 0          ; 0           ; 0          ; 0          ; 0           ; 0           ; 0        ; 0        ; 0        ; 0          ; 0        ; 0        ; 0        ; 0          ; 0           ; 0           ; 0           ; 0          ; 0              ; 0               ; 0               ; 0               ; 0               ; 0              ; 0             ; 0              ; 0              ; 0              ; 0          ; 0          ; 1          ; 1        ;
; EDO.Fetch2      ; 0         ; 0         ; 0         ; 0         ; 0         ; 0         ; 0          ; 0         ; 0          ; 0          ; 0          ; 0           ; 0          ; 0           ; 0          ; 0          ; 0           ; 0           ; 0        ; 0        ; 0        ; 0          ; 0        ; 0        ; 0        ; 0          ; 0           ; 0           ; 0           ; 0          ; 0              ; 0               ; 0               ; 0               ; 0               ; 0              ; 0             ; 0              ; 0              ; 0              ; 0          ; 1          ; 0          ; 1        ;
; EDO.Decode      ; 0         ; 0         ; 0         ; 0         ; 0         ; 0         ; 0          ; 0         ; 0          ; 0          ; 0          ; 0           ; 0          ; 0           ; 0          ; 0          ; 0           ; 0           ; 0        ; 0        ; 0        ; 0          ; 0        ; 0        ; 0        ; 0          ; 0           ; 0           ; 0           ; 0          ; 0              ; 0               ; 0               ; 0               ; 0               ; 0              ; 0             ; 0              ; 0              ; 0              ; 1          ; 0          ; 0          ; 1        ;
; EDO.Load_inmA1  ; 0         ; 0         ; 0         ; 0         ; 0         ; 0         ; 0          ; 0         ; 0          ; 0          ; 0          ; 0           ; 0          ; 0           ; 0          ; 0          ; 0           ; 0           ; 0        ; 0        ; 0        ; 0          ; 0        ; 0        ; 0        ; 0          ; 0           ; 0           ; 0           ; 0          ; 0              ; 0               ; 0               ; 0               ; 0               ; 0              ; 0             ; 0              ; 0              ; 1              ; 0          ; 0          ; 0          ; 1        ;
; EDO.Load_inmA2  ; 0         ; 0         ; 0         ; 0         ; 0         ; 0         ; 0          ; 0         ; 0          ; 0          ; 0          ; 0           ; 0          ; 0           ; 0          ; 0          ; 0           ; 0           ; 0        ; 0        ; 0        ; 0          ; 0        ; 0        ; 0        ; 0          ; 0           ; 0           ; 0           ; 0          ; 0              ; 0               ; 0               ; 0               ; 0               ; 0              ; 0             ; 0              ; 1              ; 0              ; 0          ; 0          ; 0          ; 1        ;
; EDO.Load_inmA3  ; 0         ; 0         ; 0         ; 0         ; 0         ; 0         ; 0          ; 0         ; 0          ; 0          ; 0          ; 0           ; 0          ; 0           ; 0          ; 0          ; 0           ; 0           ; 0        ; 0        ; 0        ; 0          ; 0        ; 0        ; 0        ; 0          ; 0           ; 0           ; 0           ; 0          ; 0              ; 0               ; 0               ; 0               ; 0               ; 0              ; 0             ; 1              ; 0              ; 0              ; 0          ; 0          ; 0          ; 1        ;
; EDO.Load_inmB   ; 0         ; 0         ; 0         ; 0         ; 0         ; 0         ; 0          ; 0         ; 0          ; 0          ; 0          ; 0           ; 0          ; 0           ; 0          ; 0          ; 0           ; 0           ; 0        ; 0        ; 0        ; 0          ; 0        ; 0        ; 0        ; 0          ; 0           ; 0           ; 0           ; 0          ; 0              ; 0               ; 0               ; 0               ; 0               ; 0              ; 1             ; 0              ; 0              ; 0              ; 0          ; 0          ; 0          ; 1        ;
; EDO.Load_DIR_A  ; 0         ; 0         ; 0         ; 0         ; 0         ; 0         ; 0          ; 0         ; 0          ; 0          ; 0          ; 0           ; 0          ; 0           ; 0          ; 0          ; 0           ; 0           ; 0        ; 0        ; 0        ; 0          ; 0        ; 0        ; 0        ; 0          ; 0           ; 0           ; 0           ; 0          ; 0              ; 0               ; 0               ; 0               ; 0               ; 1              ; 0             ; 0              ; 0              ; 0              ; 0          ; 0          ; 0          ; 1        ;
; EDO.Load_DIR_A2 ; 0         ; 0         ; 0         ; 0         ; 0         ; 0         ; 0          ; 0         ; 0          ; 0          ; 0          ; 0           ; 0          ; 0           ; 0          ; 0          ; 0           ; 0           ; 0        ; 0        ; 0        ; 0          ; 0        ; 0        ; 0        ; 0          ; 0           ; 0           ; 0           ; 0          ; 0              ; 0               ; 0               ; 0               ; 1               ; 0              ; 0             ; 0              ; 0              ; 0              ; 0          ; 0          ; 0          ; 1        ;
; EDO.Load_DIR_A3 ; 0         ; 0         ; 0         ; 0         ; 0         ; 0         ; 0          ; 0         ; 0          ; 0          ; 0          ; 0           ; 0          ; 0           ; 0          ; 0          ; 0           ; 0           ; 0        ; 0        ; 0        ; 0          ; 0        ; 0        ; 0        ; 0          ; 0           ; 0           ; 0           ; 0          ; 0              ; 0               ; 0               ; 1               ; 0               ; 0              ; 0             ; 0              ; 0              ; 0              ; 0          ; 0          ; 0          ; 1        ;
; EDO.Load_DIR_A4 ; 0         ; 0         ; 0         ; 0         ; 0         ; 0         ; 0          ; 0         ; 0          ; 0          ; 0          ; 0           ; 0          ; 0           ; 0          ; 0          ; 0           ; 0           ; 0        ; 0        ; 0        ; 0          ; 0        ; 0        ; 0        ; 0          ; 0           ; 0           ; 0           ; 0          ; 0              ; 0               ; 1               ; 0               ; 0               ; 0              ; 0             ; 0              ; 0              ; 0              ; 0          ; 0          ; 0          ; 1        ;
; EDO.Load_DIR_A5 ; 0         ; 0         ; 0         ; 0         ; 0         ; 0         ; 0          ; 0         ; 0          ; 0          ; 0          ; 0           ; 0          ; 0           ; 0          ; 0          ; 0           ; 0           ; 0        ; 0        ; 0        ; 0          ; 0        ; 0        ; 0        ; 0          ; 0           ; 0           ; 0           ; 0          ; 0              ; 1               ; 0               ; 0               ; 0               ; 0              ; 0             ; 0              ; 0              ; 0              ; 0          ; 0          ; 0          ; 1        ;
; EDO.Load_DIR_B  ; 0         ; 0         ; 0         ; 0         ; 0         ; 0         ; 0          ; 0         ; 0          ; 0          ; 0          ; 0           ; 0          ; 0           ; 0          ; 0          ; 0           ; 0           ; 0        ; 0        ; 0        ; 0          ; 0        ; 0        ; 0        ; 0          ; 0           ; 0           ; 0           ; 0          ; 1              ; 0               ; 0               ; 0               ; 0               ; 0              ; 0             ; 0              ; 0              ; 0              ; 0          ; 0          ; 0          ; 1        ;
; EDO.STOREA      ; 0         ; 0         ; 0         ; 0         ; 0         ; 0         ; 0          ; 0         ; 0          ; 0          ; 0          ; 0           ; 0          ; 0           ; 0          ; 0          ; 0           ; 0           ; 0        ; 0        ; 0        ; 0          ; 0        ; 0        ; 0        ; 0          ; 0           ; 0           ; 0           ; 1          ; 0              ; 0               ; 0               ; 0               ; 0               ; 0              ; 0             ; 0              ; 0              ; 0              ; 0          ; 0          ; 0          ; 1        ;
; EDO.STOREA2     ; 0         ; 0         ; 0         ; 0         ; 0         ; 0         ; 0          ; 0         ; 0          ; 0          ; 0          ; 0           ; 0          ; 0           ; 0          ; 0          ; 0           ; 0           ; 0        ; 0        ; 0        ; 0          ; 0        ; 0        ; 0        ; 0          ; 0           ; 0           ; 1           ; 0          ; 0              ; 0               ; 0               ; 0               ; 0               ; 0              ; 0             ; 0              ; 0              ; 0              ; 0          ; 0          ; 0          ; 1        ;
; EDO.STOREA3     ; 0         ; 0         ; 0         ; 0         ; 0         ; 0         ; 0          ; 0         ; 0          ; 0          ; 0          ; 0           ; 0          ; 0           ; 0          ; 0          ; 0           ; 0           ; 0        ; 0        ; 0        ; 0          ; 0        ; 0        ; 0        ; 0          ; 0           ; 1           ; 0           ; 0          ; 0              ; 0               ; 0               ; 0               ; 0               ; 0              ; 0             ; 0              ; 0              ; 0              ; 0          ; 0          ; 0          ; 1        ;
; EDO.STOREA4     ; 0         ; 0         ; 0         ; 0         ; 0         ; 0         ; 0          ; 0         ; 0          ; 0          ; 0          ; 0           ; 0          ; 0           ; 0          ; 0          ; 0           ; 0           ; 0        ; 0        ; 0        ; 0          ; 0        ; 0        ; 0        ; 0          ; 1           ; 0           ; 0           ; 0          ; 0              ; 0               ; 0               ; 0               ; 0               ; 0              ; 0             ; 0              ; 0              ; 0              ; 0          ; 0          ; 0          ; 1        ;
; EDO.STOREB      ; 0         ; 0         ; 0         ; 0         ; 0         ; 0         ; 0          ; 0         ; 0          ; 0          ; 0          ; 0           ; 0          ; 0           ; 0          ; 0          ; 0           ; 0           ; 0        ; 0        ; 0        ; 0          ; 0        ; 0        ; 0        ; 1          ; 0           ; 0           ; 0           ; 0          ; 0              ; 0               ; 0               ; 0               ; 0               ; 0              ; 0             ; 0              ; 0              ; 0              ; 0          ; 0          ; 0          ; 1        ;
; EDO.JMP1        ; 0         ; 0         ; 0         ; 0         ; 0         ; 0         ; 0          ; 0         ; 0          ; 0          ; 0          ; 0           ; 0          ; 0           ; 0          ; 0          ; 0           ; 0           ; 0        ; 0        ; 0        ; 0          ; 0        ; 0        ; 1        ; 0          ; 0           ; 0           ; 0           ; 0          ; 0              ; 0               ; 0               ; 0               ; 0               ; 0              ; 0             ; 0              ; 0              ; 0              ; 0          ; 0          ; 0          ; 1        ;
; EDO.JMP2        ; 0         ; 0         ; 0         ; 0         ; 0         ; 0         ; 0          ; 0         ; 0          ; 0          ; 0          ; 0           ; 0          ; 0           ; 0          ; 0          ; 0           ; 0           ; 0        ; 0        ; 0        ; 0          ; 0        ; 1        ; 0        ; 0          ; 0           ; 0           ; 0           ; 0          ; 0              ; 0               ; 0               ; 0               ; 0               ; 0              ; 0             ; 0              ; 0              ; 0              ; 0          ; 0          ; 0          ; 1        ;
; EDO.JMP3        ; 0         ; 0         ; 0         ; 0         ; 0         ; 0         ; 0          ; 0         ; 0          ; 0          ; 0          ; 0           ; 0          ; 0           ; 0          ; 0          ; 0           ; 0           ; 0        ; 0        ; 0        ; 0          ; 1        ; 0        ; 0        ; 0          ; 0           ; 0           ; 0           ; 0          ; 0              ; 0               ; 0               ; 0               ; 0               ; 0              ; 0             ; 0              ; 0              ; 0              ; 0          ; 0          ; 0          ; 1        ;
; EDO.JCC1_N      ; 0         ; 0         ; 0         ; 0         ; 0         ; 0         ; 0          ; 0         ; 0          ; 0          ; 0          ; 0           ; 0          ; 0           ; 0          ; 0          ; 0           ; 0           ; 0        ; 0        ; 0        ; 1          ; 0        ; 0        ; 0        ; 0          ; 0           ; 0           ; 0           ; 0          ; 0              ; 0               ; 0               ; 0               ; 0               ; 0              ; 0             ; 0              ; 0              ; 0              ; 0          ; 0          ; 0          ; 1        ;
; EDO.JCC2        ; 0         ; 0         ; 0         ; 0         ; 0         ; 0         ; 0          ; 0         ; 0          ; 0          ; 0          ; 0           ; 0          ; 0           ; 0          ; 0          ; 0           ; 0           ; 0        ; 0        ; 1        ; 0          ; 0        ; 0        ; 0        ; 0          ; 0           ; 0           ; 0           ; 0          ; 0              ; 0               ; 0               ; 0               ; 0               ; 0              ; 0             ; 0              ; 0              ; 0              ; 0          ; 0          ; 0          ; 1        ;
; EDO.JCC3        ; 0         ; 0         ; 0         ; 0         ; 0         ; 0         ; 0          ; 0         ; 0          ; 0          ; 0          ; 0           ; 0          ; 0           ; 0          ; 0          ; 0           ; 0           ; 0        ; 1        ; 0        ; 0          ; 0        ; 0        ; 0        ; 0          ; 0           ; 0           ; 0           ; 0          ; 0              ; 0               ; 0               ; 0               ; 0               ; 0              ; 0             ; 0              ; 0              ; 0              ; 0          ; 0          ; 0          ; 1        ;
; EDO.JCC4        ; 0         ; 0         ; 0         ; 0         ; 0         ; 0         ; 0          ; 0         ; 0          ; 0          ; 0          ; 0           ; 0          ; 0           ; 0          ; 0          ; 0           ; 0           ; 1        ; 0        ; 0        ; 0          ; 0        ; 0        ; 0        ; 0          ; 0           ; 0           ; 0           ; 0          ; 0              ; 0               ; 0               ; 0               ; 0               ; 0              ; 0             ; 0              ; 0              ; 0              ; 0          ; 0          ; 0          ; 1        ;
; EDO.JCC1_NV     ; 0         ; 0         ; 0         ; 0         ; 0         ; 0         ; 0          ; 0         ; 0          ; 0          ; 0          ; 0           ; 0          ; 0           ; 0          ; 0          ; 0           ; 1           ; 0        ; 0        ; 0        ; 0          ; 0        ; 0        ; 0        ; 0          ; 0           ; 0           ; 0           ; 0          ; 0              ; 0               ; 0               ; 0               ; 0               ; 0              ; 0             ; 0              ; 0              ; 0              ; 0          ; 0          ; 0          ; 1        ;
; EDO.JCC1_NN     ; 0         ; 0         ; 0         ; 0         ; 0         ; 0         ; 0          ; 0         ; 0          ; 0          ; 0          ; 0           ; 0          ; 0           ; 0          ; 0          ; 1           ; 0           ; 0        ; 0        ; 0        ; 0          ; 0        ; 0        ; 0        ; 0          ; 0           ; 0           ; 0           ; 0          ; 0              ; 0               ; 0               ; 0               ; 0               ; 0              ; 0             ; 0              ; 0              ; 0              ; 0          ; 0          ; 0          ; 1        ;
; EDO.JCC1_Z      ; 0         ; 0         ; 0         ; 0         ; 0         ; 0         ; 0          ; 0         ; 0          ; 0          ; 0          ; 0           ; 0          ; 0           ; 0          ; 1          ; 0           ; 0           ; 0        ; 0        ; 0        ; 0          ; 0        ; 0        ; 0        ; 0          ; 0           ; 0           ; 0           ; 0          ; 0              ; 0               ; 0               ; 0               ; 0               ; 0              ; 0             ; 0              ; 0              ; 0              ; 0          ; 0          ; 0          ; 1        ;
; EDO.JCC1_V      ; 0         ; 0         ; 0         ; 0         ; 0         ; 0         ; 0          ; 0         ; 0          ; 0          ; 0          ; 0           ; 0          ; 0           ; 1          ; 0          ; 0           ; 0           ; 0        ; 0        ; 0        ; 0          ; 0        ; 0        ; 0        ; 0          ; 0           ; 0           ; 0           ; 0          ; 0              ; 0               ; 0               ; 0               ; 0               ; 0              ; 0             ; 0              ; 0              ; 0              ; 0          ; 0          ; 0          ; 1        ;
; EDO.JCC1_NC     ; 0         ; 0         ; 0         ; 0         ; 0         ; 0         ; 0          ; 0         ; 0          ; 0          ; 0          ; 0           ; 0          ; 1           ; 0          ; 0          ; 0           ; 0           ; 0        ; 0        ; 0        ; 0          ; 0        ; 0        ; 0        ; 0          ; 0           ; 0           ; 0           ; 0          ; 0              ; 0               ; 0               ; 0               ; 0               ; 0              ; 0             ; 0              ; 0              ; 0              ; 0          ; 0          ; 0          ; 1        ;
; EDO.JCC1_C      ; 0         ; 0         ; 0         ; 0         ; 0         ; 0         ; 0          ; 0         ; 0          ; 0          ; 0          ; 0           ; 1          ; 0           ; 0          ; 0          ; 0           ; 0           ; 0        ; 0        ; 0        ; 0          ; 0        ; 0        ; 0        ; 0          ; 0           ; 0           ; 0           ; 0          ; 0              ; 0               ; 0               ; 0               ; 0               ; 0              ; 0             ; 0              ; 0              ; 0              ; 0          ; 0          ; 0          ; 1        ;
; EDO.JCC1_NZ     ; 0         ; 0         ; 0         ; 0         ; 0         ; 0         ; 0          ; 0         ; 0          ; 0          ; 0          ; 1           ; 0          ; 0           ; 0          ; 0          ; 0           ; 0           ; 0        ; 0        ; 0        ; 0          ; 0        ; 0        ; 0        ; 0          ; 0           ; 0           ; 0           ; 0          ; 0              ; 0               ; 0               ; 0               ; 0               ; 0              ; 0             ; 0              ; 0              ; 0              ; 0          ; 0          ; 0          ; 1        ;
; EDO.ADD_AB      ; 0         ; 0         ; 0         ; 0         ; 0         ; 0         ; 0          ; 0         ; 0          ; 0          ; 1          ; 0           ; 0          ; 0           ; 0          ; 0          ; 0           ; 0           ; 0        ; 0        ; 0        ; 0          ; 0        ; 0        ; 0        ; 0          ; 0           ; 0           ; 0           ; 0          ; 0              ; 0               ; 0               ; 0               ; 0               ; 0              ; 0             ; 0              ; 0              ; 0              ; 0          ; 0          ; 0          ; 1        ;
; EDO.SUB_AB      ; 0         ; 0         ; 0         ; 0         ; 0         ; 0         ; 0          ; 0         ; 0          ; 1          ; 0          ; 0           ; 0          ; 0           ; 0          ; 0          ; 0           ; 0           ; 0        ; 0        ; 0        ; 0          ; 0        ; 0        ; 0        ; 0          ; 0           ; 0           ; 0           ; 0          ; 0              ; 0               ; 0               ; 0               ; 0               ; 0              ; 0             ; 0              ; 0              ; 0              ; 0          ; 0          ; 0          ; 1        ;
; EDO.AND_AB      ; 0         ; 0         ; 0         ; 0         ; 0         ; 0         ; 0          ; 0         ; 1          ; 0          ; 0          ; 0           ; 0          ; 0           ; 0          ; 0          ; 0           ; 0           ; 0        ; 0        ; 0        ; 0          ; 0        ; 0        ; 0        ; 0          ; 0           ; 0           ; 0           ; 0          ; 0              ; 0               ; 0               ; 0               ; 0               ; 0              ; 0             ; 0              ; 0              ; 0              ; 0          ; 0          ; 0          ; 1        ;
; EDO.OR_AB       ; 0         ; 0         ; 0         ; 0         ; 0         ; 0         ; 0          ; 1         ; 0          ; 0          ; 0          ; 0           ; 0          ; 0           ; 0          ; 0          ; 0           ; 0           ; 0        ; 0        ; 0        ; 0          ; 0        ; 0        ; 0        ; 0          ; 0           ; 0           ; 0           ; 0          ; 0              ; 0               ; 0               ; 0               ; 0               ; 0              ; 0             ; 0              ; 0              ; 0              ; 0          ; 0          ; 0          ; 1        ;
; EDO.XOR_AB      ; 0         ; 0         ; 0         ; 0         ; 0         ; 0         ; 1          ; 0         ; 0          ; 0          ; 0          ; 0           ; 0          ; 0           ; 0          ; 0          ; 0           ; 0           ; 0        ; 0        ; 0        ; 0          ; 0        ; 0        ; 0        ; 0          ; 0           ; 0           ; 0           ; 0          ; 0              ; 0               ; 0               ; 0               ; 0               ; 0              ; 0             ; 0              ; 0              ; 0              ; 0          ; 0          ; 0          ; 1        ;
; EDO.INC_A       ; 0         ; 0         ; 0         ; 0         ; 0         ; 1         ; 0          ; 0         ; 0          ; 0          ; 0          ; 0           ; 0          ; 0           ; 0          ; 0          ; 0           ; 0           ; 0        ; 0        ; 0        ; 0          ; 0        ; 0        ; 0        ; 0          ; 0           ; 0           ; 0           ; 0          ; 0              ; 0               ; 0               ; 0               ; 0               ; 0              ; 0             ; 0              ; 0              ; 0              ; 0          ; 0          ; 0          ; 1        ;
; EDO.INC_B       ; 0         ; 0         ; 0         ; 0         ; 1         ; 0         ; 0          ; 0         ; 0          ; 0          ; 0          ; 0           ; 0          ; 0           ; 0          ; 0          ; 0           ; 0           ; 0        ; 0        ; 0        ; 0          ; 0        ; 0        ; 0        ; 0          ; 0           ; 0           ; 0           ; 0          ; 0              ; 0               ; 0               ; 0               ; 0               ; 0              ; 0             ; 0              ; 0              ; 0              ; 0          ; 0          ; 0          ; 1        ;
; EDO.DEC_A       ; 0         ; 0         ; 0         ; 1         ; 0         ; 0         ; 0          ; 0         ; 0          ; 0          ; 0          ; 0           ; 0          ; 0           ; 0          ; 0          ; 0           ; 0           ; 0        ; 0        ; 0        ; 0          ; 0        ; 0        ; 0        ; 0          ; 0           ; 0           ; 0           ; 0          ; 0              ; 0               ; 0               ; 0               ; 0               ; 0              ; 0             ; 0              ; 0              ; 0              ; 0          ; 0          ; 0          ; 1        ;
; EDO.DEC_B       ; 0         ; 0         ; 1         ; 0         ; 0         ; 0         ; 0          ; 0         ; 0          ; 0          ; 0          ; 0           ; 0          ; 0           ; 0          ; 0          ; 0           ; 0           ; 0        ; 0        ; 0        ; 0          ; 0        ; 0        ; 0        ; 0          ; 0           ; 0           ; 0           ; 0          ; 0              ; 0               ; 0               ; 0               ; 0               ; 0              ; 0             ; 0              ; 0              ; 0              ; 0          ; 0          ; 0          ; 1        ;
; EDO.NOT_A       ; 0         ; 1         ; 0         ; 0         ; 0         ; 0         ; 0          ; 0         ; 0          ; 0          ; 0          ; 0           ; 0          ; 0           ; 0          ; 0          ; 0           ; 0           ; 0        ; 0        ; 0        ; 0          ; 0        ; 0        ; 0        ; 0          ; 0           ; 0           ; 0           ; 0          ; 0              ; 0               ; 0               ; 0               ; 0               ; 0              ; 0             ; 0              ; 0              ; 0              ; 0          ; 0          ; 0          ; 1        ;
; EDO.NOT_B       ; 1         ; 0         ; 0         ; 0         ; 0         ; 0         ; 0          ; 0         ; 0          ; 0          ; 0          ; 0           ; 0          ; 0           ; 0          ; 0          ; 0           ; 0           ; 0        ; 0        ; 0        ; 0          ; 0        ; 0        ; 0        ; 0          ; 0           ; 0           ; 0           ; 0          ; 0              ; 0               ; 0               ; 0               ; 0               ; 0              ; 0             ; 0              ; 0              ; 0              ; 0          ; 0          ; 0          ; 1        ;
+-----------------+-----------+-----------+-----------+-----------+-----------+-----------+------------+-----------+------------+------------+------------+-------------+------------+-------------+------------+------------+-------------+-------------+----------+----------+----------+------------+----------+----------+----------+------------+-------------+-------------+-------------+------------+----------------+-----------------+-----------------+-----------------+-----------------+----------------+---------------+----------------+----------------+----------------+------------+------------+------------+----------+


+-------------------------------------------------------------------------------------------------------------------------+
; User-Specified and Inferred Latches                                                                                     ;
+-----------------------------------------------------+------------------------------------------+------------------------+
; Latch Name                                          ; Latch Enable Signal                      ; Free of Timing Hazards ;
+-----------------------------------------------------+------------------------------------------+------------------------+
; process_unit:C1|mestados_p:C1|Bus1_Sel[0]           ; process_unit:C1|mestados_p:C1|EDO.Decode ; yes                    ;
; process_unit:C1|mestados_p:C1|Bus1_Sel[1]           ; process_unit:C1|mestados_p:C1|EDO.Decode ; yes                    ;
; process_unit:C1|mestados_p:C1|wr                    ; process_unit:C1|mestados_p:C1|wr         ; yes                    ;
; process_unit:C1|mestados_p:C1|Bus2_Sel[1]           ; process_unit:C1|mestados_p:C1|EDO.Decode ; yes                    ;
; process_unit:C1|mestados_p:C1|ALU_Select[3]         ; process_unit:C1|mestados_p:C1|WideOr26   ; yes                    ;
; process_unit:C1|mestados_p:C1|ALU_Select[2]         ; process_unit:C1|mestados_p:C1|WideOr26   ; yes                    ;
; process_unit:C1|mestados_p:C1|ALU_Select[0]         ; process_unit:C1|mestados_p:C1|WideOr26   ; yes                    ;
; process_unit:C1|mestados_p:C1|ALU_Select[1]         ; process_unit:C1|mestados_p:C1|WideOr26   ; yes                    ;
; process_unit:C1|mestados_p:C1|ALU_Select[6]         ; process_unit:C1|mestados_p:C1|WideOr26   ; yes                    ;
; process_unit:C1|mestados_p:C1|ALU_Select[4]         ; process_unit:C1|mestados_p:C1|WideOr26   ; yes                    ;
; process_unit:C1|mestados_p:C1|Bus2_Sel[0]           ; process_unit:C1|mestados_p:C1|EDO.Decode ; yes                    ;
; process_unit:C1|mestados_p:C1|PC_Inc                ; process_unit:C1|mestados_p:C1|EDO.Decode ; yes                    ;
; process_unit:C1|mestados_p:C1|PC_Load               ; process_unit:C1|mestados_p:C1|EDO.Decode ; yes                    ;
; process_unit:C1|mestados_p:C1|A_Load                ; process_unit:C1|mestados_p:C1|EDO.Decode ; yes                    ;
; process_unit:C1|mestados_p:C1|B_Load                ; process_unit:C1|mestados_p:C1|EDO.Decode ; yes                    ;
; process_unit:C1|mestados_p:C1|MAR_Load              ; process_unit:C1|mestados_p:C1|EDO.Decode ; yes                    ;
; process_unit:C1|mestados_p:C1|IR_Load               ; process_unit:C1|mestados_p:C1|EDO.Decode ; yes                    ;
; process_unit:C1|mestados_p:C1|CCR_Load              ; process_unit:C1|mestados_p:C1|EDO.Decode ; yes                    ;
; Number of user-specified and inferred latches = 18  ;                                          ;                        ;
+-----------------------------------------------------+------------------------------------------+------------------------+
Note: All latches listed above may not be present at the end of synthesis due to various synthesis optimizations.


+------------------------------------------------------------------------------------------+
; Registers Removed During Synthesis                                                       ;
+-------------------------------------------------+----------------------------------------+
; Register name                                   ; Reason for Removal                     ;
+-------------------------------------------------+----------------------------------------+
; process_unit:C1|data_path:C2|regs:CR|CCR_reg[2] ; Stuck at GND due to stuck port data_in ;
; process_unit:C1|mestados_p:C1|EDO.JCC1_Z        ; Stuck at GND due to stuck port data_in ;
; Total Number of Removed Registers = 2           ;                                        ;
+-------------------------------------------------+----------------------------------------+


+------------------------------------------------------+
; General Register Statistics                          ;
+----------------------------------------------+-------+
; Statistic                                    ; Value ;
+----------------------------------------------+-------+
; Total registers                              ; 999   ;
; Number of registers using Synchronous Clear  ; 0     ;
; Number of registers using Synchronous Load   ; 8     ;
; Number of registers using Asynchronous Clear ; 86    ;
; Number of registers using Asynchronous Load  ; 0     ;
; Number of registers using Clock Enable       ; 948   ;
; Number of registers using Preset             ; 0     ;
+----------------------------------------------+-------+


+-----------------------------------------------------------------------------------------------------------------------------------------------------------------+
; Multiplexer Restructuring Statistics (Restructuring Performed)                                                                                                  ;
+--------------------+-----------+---------------+----------------------+------------------------+------------+---------------------------------------------------+
; Multiplexer Inputs ; Bus Width ; Baseline Area ; Area if Restructured ; Saving if Restructured ; Registered ; Example Multiplexer Output                        ;
+--------------------+-----------+---------------+----------------------+------------------------+------------+---------------------------------------------------+
; 3:1                ; 8 bits    ; 16 LEs        ; 8 LEs                ; 8 LEs                  ; Yes        ; |CPU|Memory:C2|OutputPort:ports|RAM[0][4]         ;
; 3:1                ; 8 bits    ; 16 LEs        ; 8 LEs                ; 8 LEs                  ; Yes        ; |CPU|Memory:C2|OutputPort:ports|RAM[1][0]         ;
; 3:1                ; 8 bits    ; 16 LEs        ; 8 LEs                ; 8 LEs                  ; Yes        ; |CPU|Memory:C2|OutputPort:ports|RAM[2][0]         ;
; 3:1                ; 8 bits    ; 16 LEs        ; 8 LEs                ; 8 LEs                  ; Yes        ; |CPU|Memory:C2|OutputPort:ports|RAM[3][6]         ;
; 3:1                ; 8 bits    ; 16 LEs        ; 8 LEs                ; 8 LEs                  ; Yes        ; |CPU|Memory:C2|OutputPort:ports|RAM[4][2]         ;
; 3:1                ; 8 bits    ; 16 LEs        ; 8 LEs                ; 8 LEs                  ; Yes        ; |CPU|Memory:C2|OutputPort:ports|RAM[5][4]         ;
; 3:1                ; 8 bits    ; 16 LEs        ; 8 LEs                ; 8 LEs                  ; Yes        ; |CPU|Memory:C2|OutputPort:ports|RAM[6][3]         ;
; 3:1                ; 8 bits    ; 16 LEs        ; 8 LEs                ; 8 LEs                  ; Yes        ; |CPU|Memory:C2|OutputPort:ports|RAM[7][2]         ;
; 3:1                ; 8 bits    ; 16 LEs        ; 8 LEs                ; 8 LEs                  ; Yes        ; |CPU|Memory:C2|OutputPort:ports|RAM[8][0]         ;
; 3:1                ; 8 bits    ; 16 LEs        ; 8 LEs                ; 8 LEs                  ; Yes        ; |CPU|Memory:C2|OutputPort:ports|RAM[9][5]         ;
; 3:1                ; 8 bits    ; 16 LEs        ; 8 LEs                ; 8 LEs                  ; Yes        ; |CPU|Memory:C2|OutputPort:ports|RAM[10][4]        ;
; 3:1                ; 8 bits    ; 16 LEs        ; 8 LEs                ; 8 LEs                  ; Yes        ; |CPU|Memory:C2|OutputPort:ports|RAM[11][6]        ;
; 3:1                ; 8 bits    ; 16 LEs        ; 8 LEs                ; 8 LEs                  ; Yes        ; |CPU|Memory:C2|OutputPort:ports|RAM[12][6]        ;
; 3:1                ; 8 bits    ; 16 LEs        ; 8 LEs                ; 8 LEs                  ; Yes        ; |CPU|Memory:C2|OutputPort:ports|RAM[13][0]        ;
; 3:1                ; 8 bits    ; 16 LEs        ; 8 LEs                ; 8 LEs                  ; Yes        ; |CPU|Memory:C2|OutputPort:ports|RAM[14][0]        ;
; 3:1                ; 8 bits    ; 16 LEs        ; 8 LEs                ; 8 LEs                  ; Yes        ; |CPU|Memory:C2|OutputPort:ports|RAM[15][0]        ;
; 3:1                ; 8 bits    ; 16 LEs        ; 8 LEs                ; 8 LEs                  ; Yes        ; |CPU|process_unit:C1|data_path:C2|PC:C1|cuenta[0] ;
; 3:1                ; 8 bits    ; 16 LEs        ; 16 LEs               ; 0 LEs                  ; No         ; |CPU|process_unit:C1|data_path:C2|Mux6            ;
; 6:1                ; 7 bits    ; 28 LEs        ; 14 LEs               ; 14 LEs                 ; No         ; |CPU|process_unit:C1|data_path:C2|ALU:C2|Add0     ;
; 36:1               ; 8 bits    ; 192 LEs       ; 32 LEs               ; 160 LEs                ; No         ; |CPU|process_unit:C1|data_path:C2|ALU:C2|Mux8     ;
; 22:1               ; 8 bits    ; 112 LEs       ; 104 LEs              ; 8 LEs                  ; No         ; |CPU|process_unit:C1|data_path:C2|Mux14           ;
; 4:1                ; 2 bits    ; 4 LEs         ; 4 LEs                ; 0 LEs                  ; No         ; |CPU|process_unit:C1|data_path:C2|ALU:C2|Add0     ;
; 4:1                ; 2 bits    ; 4 LEs         ; 4 LEs                ; 0 LEs                  ; No         ; |CPU|process_unit:C1|data_path:C2|ALU:C2|Add0     ;
; 6:1                ; 7 bits    ; 28 LEs        ; 14 LEs               ; 14 LEs                 ; No         ; |CPU|process_unit:C1|data_path:C2|ALU:C2|Add0     ;
+--------------------+-----------+---------------+----------------------+------------------------+------------+---------------------------------------------------+


+------------------------------------------------------------------------------------------------------------------+
; Port Connectivity Checks: "process_unit:C1|data_path:C2"                                                         ;
+--------+--------+----------+-------------------------------------------------------------------------------------+
; Port   ; Type   ; Severity ; Details                                                                             ;
+--------+--------+----------+-------------------------------------------------------------------------------------+
; flags  ; Output ; Info     ; Connected to dangling logic. Logic that only feeds a dangling port will be removed. ;
; bus1_1 ; Output ; Info     ; Connected to dangling logic. Logic that only feeds a dangling port will be removed. ;
; bus2_2 ; Output ; Info     ; Connected to dangling logic. Logic that only feeds a dangling port will be removed. ;
; pc_c   ; Output ; Info     ; Connected to dangling logic. Logic that only feeds a dangling port will be removed. ;
; a_a    ; Output ; Info     ; Connected to dangling logic. Logic that only feeds a dangling port will be removed. ;
; b_b    ; Output ; Info     ; Connected to dangling logic. Logic that only feeds a dangling port will be removed. ;
+--------+--------+----------+-------------------------------------------------------------------------------------+


+-----------------------------------------------------------+
; Port Connectivity Checks: "process_unit:C1|mestados_p:C1" ;
+-------+-------+----------+--------------------------------+
; Port  ; Type  ; Severity ; Details                        ;
+-------+-------+----------+--------------------------------+
; start ; Input ; Info     ; Stuck at VCC                   ;
+-------+-------+----------+--------------------------------+


+-----------------------------------------------------+
; Post-Synthesis Netlist Statistics for Top Partition ;
+-----------------------+-----------------------------+
; Type                  ; Count                       ;
+-----------------------+-----------------------------+
; boundary_port         ; 258                         ;
; cycloneiii_ff         ; 999                         ;
;     CLR               ; 43                          ;
;     ENA               ; 905                         ;
;     ENA CLR           ; 35                          ;
;     ENA CLR SLD       ; 8                           ;
;     plain             ; 8                           ;
; cycloneiii_lcell_comb ; 1067                        ;
;     arith             ; 16                          ;
;         2 data inputs ; 8                           ;
;         3 data inputs ; 8                           ;
;     normal            ; 1051                        ;
;         1 data inputs ; 60                          ;
;         2 data inputs ; 54                          ;
;         3 data inputs ; 103                         ;
;         4 data inputs ; 834                         ;
;                       ;                             ;
; Max LUT depth         ; 12.00                       ;
; Average LUT depth     ; 5.04                        ;
+-----------------------+-----------------------------+


+-------------------------------+
; Elapsed Time Per Partition    ;
+----------------+--------------+
; Partition Name ; Elapsed Time ;
+----------------+--------------+
; Top            ; 00:00:03     ;
+----------------+--------------+


+-------------------------------+
; Analysis & Synthesis Messages ;
+-------------------------------+
Info: *******************************************************************
Info: Running Quartus Prime Analysis & Synthesis
    Info: Version 18.1.0 Build 625 09/12/2018 SJ Lite Edition
    Info: Processing started: Mon May 20 10:24:49 2024
Info: Command: quartus_map --read_settings_files=on --write_settings_files=off CPU -c CPU
Warning (18236): Number of processors has not been specified which may cause overloading on shared machines.  Set the global assignment NUM_PARALLEL_PROCESSORS in your QSF to an appropriate value for best performance.
Info (20030): Parallel compilation is enabled and will use 4 of the 4 processors detected
Info (12021): Found 2 design units, including 1 entities, in source file /users/eduardo/desktop/logica_progra/procesador_8bits/multiplexor/multiplexor.vhd
    Info (12022): Found design unit 1: Multiplexor-Arc File: C:/Users/Eduardo/Desktop/Logica_Progra/procesador_8bits/Multiplexor/Multiplexor.vhd Line: 18
    Info (12023): Found entity 1: Multiplexor File: C:/Users/Eduardo/Desktop/Logica_Progra/procesador_8bits/Multiplexor/Multiplexor.vhd Line: 6
Info (12021): Found 2 design units, including 1 entities, in source file /users/eduardo/desktop/logica_progra/procesador_8bits/outputport/outputport.vhd
    Info (12022): Found design unit 1: OutputPort-Arc File: C:/Users/Eduardo/Desktop/Logica_Progra/procesador_8bits/OutputPort/OutputPort.vhd Line: 17
    Info (12023): Found entity 1: OutputPort File: C:/Users/Eduardo/Desktop/Logica_Progra/procesador_8bits/OutputPort/OutputPort.vhd Line: 6
Info (12021): Found 2 design units, including 1 entities, in source file /users/eduardo/desktop/logica_progra/procesador_8bits/programmemory/programmemory.vhd
    Info (12022): Found design unit 1: ProgramMemory-Arc File: C:/Users/Eduardo/Desktop/Logica_Progra/procesador_8bits/ProgramMemory/ProgramMemory.vhd Line: 43
    Info (12023): Found entity 1: ProgramMemory File: C:/Users/Eduardo/Desktop/Logica_Progra/procesador_8bits/ProgramMemory/ProgramMemory.vhd Line: 6
Info (12021): Found 2 design units, including 1 entities, in source file /users/eduardo/desktop/logica_progra/procesador_8bits/memory/memory.vhd
    Info (12022): Found design unit 1: Memory-Arc File: C:/Users/Eduardo/Desktop/Logica_Progra/procesador_8bits/Memory/Memory.vhd Line: 24
    Info (12023): Found entity 1: Memory File: C:/Users/Eduardo/Desktop/Logica_Progra/procesador_8bits/Memory/Memory.vhd Line: 6
Info (12021): Found 2 design units, including 1 entities, in source file /users/eduardo/desktop/logica_progra/procesador_8bits/datamemory/datamemory.vhd
    Info (12022): Found design unit 1: DataMemory-Arc File: C:/Users/Eduardo/Desktop/Logica_Progra/procesador_8bits/DataMemory/DataMemory.vhd Line: 14
    Info (12023): Found entity 1: DataMemory File: C:/Users/Eduardo/Desktop/Logica_Progra/procesador_8bits/DataMemory/DataMemory.vhd Line: 6
Info (12021): Found 2 design units, including 1 entities, in source file /users/eduardo/desktop/logica_progra/procesador_8bits/regs/regs.vhd
    Info (12022): Found design unit 1: regs-ARC File: C:/Users/Eduardo/Desktop/Logica_Progra/procesador_8bits/regs/regs.vhd Line: 15
    Info (12023): Found entity 1: regs File: C:/Users/Eduardo/Desktop/Logica_Progra/procesador_8bits/regs/regs.vhd Line: 4
Info (12021): Found 2 design units, including 1 entities, in source file /users/eduardo/desktop/logica_progra/procesador_8bits/puertos_salida/puertos_salida.vhd
    Info (12022): Found design unit 1: puertos_salida-RTL File: C:/Users/Eduardo/Desktop/Logica_Progra/procesador_8bits/puertos_salida/puertos_salida.vhd Line: 17
    Info (12023): Found entity 1: puertos_salida File: C:/Users/Eduardo/Desktop/Logica_Progra/procesador_8bits/puertos_salida/puertos_salida.vhd Line: 6
Info (12021): Found 2 design units, including 1 entities, in source file /users/eduardo/desktop/logica_progra/procesador_8bits/process_unit/process_unit.vhd
    Info (12022): Found design unit 1: process_unit-RTL File: C:/Users/Eduardo/Desktop/Logica_Progra/procesador_8bits/process_unit/process_unit.vhd Line: 13
    Info (12023): Found entity 1: process_unit File: C:/Users/Eduardo/Desktop/Logica_Progra/procesador_8bits/process_unit/process_unit.vhd Line: 4
Info (12021): Found 2 design units, including 1 entities, in source file /users/eduardo/desktop/logica_progra/procesador_8bits/pc/pc.vhd
    Info (12022): Found design unit 1: PC-ARC File: C:/Users/Eduardo/Desktop/Logica_Progra/procesador_8bits/pc/pc.vhd Line: 18
    Info (12023): Found entity 1: PC File: C:/Users/Eduardo/Desktop/Logica_Progra/procesador_8bits/pc/pc.vhd Line: 5
Info (12021): Found 2 design units, including 1 entities, in source file /users/eduardo/desktop/logica_progra/procesador_8bits/mestados_p/mestados_p.vhd
    Info (12022): Found design unit 1: mestados_p-ARC File: C:/Users/Eduardo/Desktop/Logica_Progra/procesador_8bits/mestados_p/mestados_p.vhd Line: 14
    Info (12023): Found entity 1: mestados_p File: C:/Users/Eduardo/Desktop/Logica_Progra/procesador_8bits/mestados_p/mestados_p.vhd Line: 4
Info (12021): Found 2 design units, including 1 entities, in source file /users/eduardo/desktop/logica_progra/procesador_8bits/memoria/memoria.vhd
    Info (12022): Found design unit 1: MEMORIA-RTL File: C:/Users/Eduardo/Desktop/Logica_Progra/procesador_8bits/MEMORIA/MEMORIA.vhd Line: 20
    Info (12023): Found entity 1: MEMORIA File: C:/Users/Eduardo/Desktop/Logica_Progra/procesador_8bits/MEMORIA/MEMORIA.vhd Line: 4
Info (12021): Found 2 design units, including 1 entities, in source file /users/eduardo/desktop/logica_progra/procesador_8bits/mem_programa/mem_programa.vhd
    Info (12022): Found design unit 1: mem_programa-RTL File: C:/Users/Eduardo/Desktop/Logica_Progra/procesador_8bits/mem_programa/mem_programa.vhd Line: 14
    Info (12023): Found entity 1: mem_programa File: C:/Users/Eduardo/Desktop/Logica_Progra/procesador_8bits/mem_programa/mem_programa.vhd Line: 6
Info (12021): Found 2 design units, including 1 entities, in source file /users/eduardo/desktop/logica_progra/procesador_8bits/mem_datos/mem_datos.vhd
    Info (12022): Found design unit 1: mem_datos-RTL File: C:/Users/Eduardo/Desktop/Logica_Progra/procesador_8bits/mem_datos/mem_datos.vhd Line: 17
    Info (12023): Found entity 1: mem_datos File: C:/Users/Eduardo/Desktop/Logica_Progra/procesador_8bits/mem_datos/mem_datos.vhd Line: 6
Info (12021): Found 2 design units, including 1 entities, in source file /users/eduardo/desktop/logica_progra/procesador_8bits/data_path/data_path.vhd
    Info (12022): Found design unit 1: data_path-RTL File: C:/Users/Eduardo/Desktop/Logica_Progra/procesador_8bits/data_path/data_path.vhd Line: 17
    Info (12023): Found entity 1: data_path File: C:/Users/Eduardo/Desktop/Logica_Progra/procesador_8bits/data_path/data_path.vhd Line: 4
Info (12021): Found 2 design units, including 1 entities, in source file /users/eduardo/desktop/logica_progra/procesador_8bits/alu/alu.vhd
    Info (12022): Found design unit 1: ALU-Behavioral File: C:/Users/Eduardo/Desktop/Logica_Progra/procesador_8bits/ALU/ALU.vhd Line: 14
    Info (12023): Found entity 1: ALU File: C:/Users/Eduardo/Desktop/Logica_Progra/procesador_8bits/ALU/ALU.vhd Line: 5
Info (12021): Found 2 design units, including 1 entities, in source file cpu.vhd
    Info (12022): Found design unit 1: CPU-ARC File: C:/Users/Eduardo/Desktop/Logica_Progra/procesador_8bits/CPU/CPU.vhd Line: 21
    Info (12023): Found entity 1: CPU File: C:/Users/Eduardo/Desktop/Logica_Progra/procesador_8bits/CPU/CPU.vhd Line: 7
Info (12127): Elaborating entity "CPU" for the top level hierarchy
Info (12128): Elaborating entity "process_unit" for hierarchy "process_unit:C1" File: C:/Users/Eduardo/Desktop/Logica_Progra/procesador_8bits/CPU/CPU.vhd Line: 51
Warning (10036): Verilog HDL or VHDL warning at process_unit.vhd(47): object "BUUUS1" assigned a value but never read File: C:/Users/Eduardo/Desktop/Logica_Progra/procesador_8bits/process_unit/process_unit.vhd Line: 47
Warning (10036): Verilog HDL or VHDL warning at process_unit.vhd(47): object "BUUUS2" assigned a value but never read File: C:/Users/Eduardo/Desktop/Logica_Progra/procesador_8bits/process_unit/process_unit.vhd Line: 47
Warning (10036): Verilog HDL or VHDL warning at process_unit.vhd(47): object "PCCC" assigned a value but never read File: C:/Users/Eduardo/Desktop/Logica_Progra/procesador_8bits/process_unit/process_unit.vhd Line: 47
Warning (10036): Verilog HDL or VHDL warning at process_unit.vhd(47): object "AAA" assigned a value but never read File: C:/Users/Eduardo/Desktop/Logica_Progra/procesador_8bits/process_unit/process_unit.vhd Line: 47
Warning (10036): Verilog HDL or VHDL warning at process_unit.vhd(47): object "BBB" assigned a value but never read File: C:/Users/Eduardo/Desktop/Logica_Progra/procesador_8bits/process_unit/process_unit.vhd Line: 47
Warning (10036): Verilog HDL or VHDL warning at process_unit.vhd(48): object "NZVC" assigned a value but never read File: C:/Users/Eduardo/Desktop/Logica_Progra/procesador_8bits/process_unit/process_unit.vhd Line: 48
Info (12128): Elaborating entity "mestados_p" for hierarchy "process_unit:C1|mestados_p:C1" File: C:/Users/Eduardo/Desktop/Logica_Progra/procesador_8bits/process_unit/process_unit.vhd Line: 52
Warning (10492): VHDL Process Statement warning at mestados_p.vhd(27): signal "RST" is read inside the Process Statement but isn't in the Process Statement's sensitivity list File: C:/Users/Eduardo/Desktop/Logica_Progra/procesador_8bits/mestados_p/mestados_p.vhd Line: 27
Warning (10492): VHDL Process Statement warning at mestados_p.vhd(41): signal "Start" is read inside the Process Statement but isn't in the Process Statement's sensitivity list File: C:/Users/Eduardo/Desktop/Logica_Progra/procesador_8bits/mestados_p/mestados_p.vhd Line: 41
Warning (10631): VHDL Process Statement warning at mestados_p.vhd(307): inferring latch(es) for signal or variable "IR_Load", which holds its previous value in one or more paths through the process File: C:/Users/Eduardo/Desktop/Logica_Progra/procesador_8bits/mestados_p/mestados_p.vhd Line: 307
Warning (10631): VHDL Process Statement warning at mestados_p.vhd(307): inferring latch(es) for signal or variable "MAR_Load", which holds its previous value in one or more paths through the process File: C:/Users/Eduardo/Desktop/Logica_Progra/procesador_8bits/mestados_p/mestados_p.vhd Line: 307
Warning (10631): VHDL Process Statement warning at mestados_p.vhd(307): inferring latch(es) for signal or variable "PC_Load", which holds its previous value in one or more paths through the process File: C:/Users/Eduardo/Desktop/Logica_Progra/procesador_8bits/mestados_p/mestados_p.vhd Line: 307
Warning (10631): VHDL Process Statement warning at mestados_p.vhd(307): inferring latch(es) for signal or variable "PC_Inc", which holds its previous value in one or more paths through the process File: C:/Users/Eduardo/Desktop/Logica_Progra/procesador_8bits/mestados_p/mestados_p.vhd Line: 307
Warning (10631): VHDL Process Statement warning at mestados_p.vhd(307): inferring latch(es) for signal or variable "A_Load", which holds its previous value in one or more paths through the process File: C:/Users/Eduardo/Desktop/Logica_Progra/procesador_8bits/mestados_p/mestados_p.vhd Line: 307
Warning (10631): VHDL Process Statement warning at mestados_p.vhd(307): inferring latch(es) for signal or variable "B_Load", which holds its previous value in one or more paths through the process File: C:/Users/Eduardo/Desktop/Logica_Progra/procesador_8bits/mestados_p/mestados_p.vhd Line: 307
Warning (10631): VHDL Process Statement warning at mestados_p.vhd(307): inferring latch(es) for signal or variable "CCR_Load", which holds its previous value in one or more paths through the process File: C:/Users/Eduardo/Desktop/Logica_Progra/procesador_8bits/mestados_p/mestados_p.vhd Line: 307
Warning (10631): VHDL Process Statement warning at mestados_p.vhd(307): inferring latch(es) for signal or variable "Bus2_Sel", which holds its previous value in one or more paths through the process File: C:/Users/Eduardo/Desktop/Logica_Progra/procesador_8bits/mestados_p/mestados_p.vhd Line: 307
Warning (10631): VHDL Process Statement warning at mestados_p.vhd(307): inferring latch(es) for signal or variable "Bus1_Sel", which holds its previous value in one or more paths through the process File: C:/Users/Eduardo/Desktop/Logica_Progra/procesador_8bits/mestados_p/mestados_p.vhd Line: 307
Warning (10631): VHDL Process Statement warning at mestados_p.vhd(307): inferring latch(es) for signal or variable "ALU_Select", which holds its previous value in one or more paths through the process File: C:/Users/Eduardo/Desktop/Logica_Progra/procesador_8bits/mestados_p/mestados_p.vhd Line: 307
Warning (10631): VHDL Process Statement warning at mestados_p.vhd(307): inferring latch(es) for signal or variable "wr", which holds its previous value in one or more paths through the process File: C:/Users/Eduardo/Desktop/Logica_Progra/procesador_8bits/mestados_p/mestados_p.vhd Line: 307
Info (10041): Inferred latch for "wr" at mestados_p.vhd(307) File: C:/Users/Eduardo/Desktop/Logica_Progra/procesador_8bits/mestados_p/mestados_p.vhd Line: 307
Info (10041): Inferred latch for "ALU_Select[0]" at mestados_p.vhd(307) File: C:/Users/Eduardo/Desktop/Logica_Progra/procesador_8bits/mestados_p/mestados_p.vhd Line: 307
Info (10041): Inferred latch for "ALU_Select[1]" at mestados_p.vhd(307) File: C:/Users/Eduardo/Desktop/Logica_Progra/procesador_8bits/mestados_p/mestados_p.vhd Line: 307
Info (10041): Inferred latch for "ALU_Select[2]" at mestados_p.vhd(307) File: C:/Users/Eduardo/Desktop/Logica_Progra/procesador_8bits/mestados_p/mestados_p.vhd Line: 307
Info (10041): Inferred latch for "ALU_Select[3]" at mestados_p.vhd(307) File: C:/Users/Eduardo/Desktop/Logica_Progra/procesador_8bits/mestados_p/mestados_p.vhd Line: 307
Info (10041): Inferred latch for "ALU_Select[4]" at mestados_p.vhd(307) File: C:/Users/Eduardo/Desktop/Logica_Progra/procesador_8bits/mestados_p/mestados_p.vhd Line: 307
Info (10041): Inferred latch for "ALU_Select[5]" at mestados_p.vhd(307) File: C:/Users/Eduardo/Desktop/Logica_Progra/procesador_8bits/mestados_p/mestados_p.vhd Line: 307
Info (10041): Inferred latch for "ALU_Select[6]" at mestados_p.vhd(307) File: C:/Users/Eduardo/Desktop/Logica_Progra/procesador_8bits/mestados_p/mestados_p.vhd Line: 307
Info (10041): Inferred latch for "ALU_Select[7]" at mestados_p.vhd(307) File: C:/Users/Eduardo/Desktop/Logica_Progra/procesador_8bits/mestados_p/mestados_p.vhd Line: 307
Info (10041): Inferred latch for "Bus1_Sel[0]" at mestados_p.vhd(307) File: C:/Users/Eduardo/Desktop/Logica_Progra/procesador_8bits/mestados_p/mestados_p.vhd Line: 307
Info (10041): Inferred latch for "Bus1_Sel[1]" at mestados_p.vhd(307) File: C:/Users/Eduardo/Desktop/Logica_Progra/procesador_8bits/mestados_p/mestados_p.vhd Line: 307
Info (10041): Inferred latch for "Bus2_Sel[0]" at mestados_p.vhd(307) File: C:/Users/Eduardo/Desktop/Logica_Progra/procesador_8bits/mestados_p/mestados_p.vhd Line: 307
Info (10041): Inferred latch for "Bus2_Sel[1]" at mestados_p.vhd(307) File: C:/Users/Eduardo/Desktop/Logica_Progra/procesador_8bits/mestados_p/mestados_p.vhd Line: 307
Info (10041): Inferred latch for "CCR_Load" at mestados_p.vhd(307) File: C:/Users/Eduardo/Desktop/Logica_Progra/procesador_8bits/mestados_p/mestados_p.vhd Line: 307
Info (10041): Inferred latch for "B_Load" at mestados_p.vhd(307) File: C:/Users/Eduardo/Desktop/Logica_Progra/procesador_8bits/mestados_p/mestados_p.vhd Line: 307
Info (10041): Inferred latch for "A_Load" at mestados_p.vhd(307) File: C:/Users/Eduardo/Desktop/Logica_Progra/procesador_8bits/mestados_p/mestados_p.vhd Line: 307
Info (10041): Inferred latch for "PC_Inc" at mestados_p.vhd(307) File: C:/Users/Eduardo/Desktop/Logica_Progra/procesador_8bits/mestados_p/mestados_p.vhd Line: 307
Info (10041): Inferred latch for "PC_Load" at mestados_p.vhd(307) File: C:/Users/Eduardo/Desktop/Logica_Progra/procesador_8bits/mestados_p/mestados_p.vhd Line: 307
Info (10041): Inferred latch for "MAR_Load" at mestados_p.vhd(307) File: C:/Users/Eduardo/Desktop/Logica_Progra/procesador_8bits/mestados_p/mestados_p.vhd Line: 307
Info (10041): Inferred latch for "IR_Load" at mestados_p.vhd(307) File: C:/Users/Eduardo/Desktop/Logica_Progra/procesador_8bits/mestados_p/mestados_p.vhd Line: 307
Info (12128): Elaborating entity "data_path" for hierarchy "process_unit:C1|data_path:C2" File: C:/Users/Eduardo/Desktop/Logica_Progra/procesador_8bits/process_unit/process_unit.vhd Line: 58
Info (12128): Elaborating entity "PC" for hierarchy "process_unit:C1|data_path:C2|PC:C1" File: C:/Users/Eduardo/Desktop/Logica_Progra/procesador_8bits/data_path/data_path.vhd Line: 54
Info (12128): Elaborating entity "ALU" for hierarchy "process_unit:C1|data_path:C2|ALU:C2" File: C:/Users/Eduardo/Desktop/Logica_Progra/procesador_8bits/data_path/data_path.vhd Line: 55
Warning (10492): VHDL Process Statement warning at ALU.vhd(53): signal "TempResult" is read inside the Process Statement but isn't in the Process Statement's sensitivity list File: C:/Users/Eduardo/Desktop/Logica_Progra/procesador_8bits/ALU/ALU.vhd Line: 53
Warning (10492): VHDL Process Statement warning at ALU.vhd(54): signal "TempResult" is read inside the Process Statement but isn't in the Process Statement's sensitivity list File: C:/Users/Eduardo/Desktop/Logica_Progra/procesador_8bits/ALU/ALU.vhd Line: 54
Warning (10492): VHDL Process Statement warning at ALU.vhd(60): signal "TempResult" is read inside the Process Statement but isn't in the Process Statement's sensitivity list File: C:/Users/Eduardo/Desktop/Logica_Progra/procesador_8bits/ALU/ALU.vhd Line: 60
Warning (10492): VHDL Process Statement warning at ALU.vhd(62): signal "TempResult" is read inside the Process Statement but isn't in the Process Statement's sensitivity list File: C:/Users/Eduardo/Desktop/Logica_Progra/procesador_8bits/ALU/ALU.vhd Line: 62
Info (12128): Elaborating entity "regs" for hierarchy "process_unit:C1|data_path:C2|regs:CR" File: C:/Users/Eduardo/Desktop/Logica_Progra/procesador_8bits/data_path/data_path.vhd Line: 56
Info (12128): Elaborating entity "Memory" for hierarchy "Memory:C2" File: C:/Users/Eduardo/Desktop/Logica_Progra/procesador_8bits/CPU/CPU.vhd Line: 55
Info (12128): Elaborating entity "ProgramMemory" for hierarchy "Memory:C2|ProgramMemory:progmem" File: C:/Users/Eduardo/Desktop/Logica_Progra/procesador_8bits/Memory/Memory.vhd Line: 70
Info (12128): Elaborating entity "DataMemory" for hierarchy "Memory:C2|DataMemory:datamm" File: C:/Users/Eduardo/Desktop/Logica_Progra/procesador_8bits/Memory/Memory.vhd Line: 71
Info (12128): Elaborating entity "OutputPort" for hierarchy "Memory:C2|OutputPort:ports" File: C:/Users/Eduardo/Desktop/Logica_Progra/procesador_8bits/Memory/Memory.vhd Line: 72
Info (12128): Elaborating entity "Multiplexor" for hierarchy "Memory:C2|Multiplexor:mux" File: C:/Users/Eduardo/Desktop/Logica_Progra/procesador_8bits/Memory/Memory.vhd Line: 79
Warning (113028): 32 out of 128 addresses are uninitialized. The Quartus Prime software will initialize them to "0". There are 1 warnings found, and 1 warnings are reported. File: C:/Users/Eduardo/Desktop/Logica_Progra/procesador_8bits/CPU/db/CPU.ram0_DataMemory_5d7c1658.hdl.mif Line: 1
    Warning (113027): Addresses ranging from 96 to 127 are not initialized File: C:/Users/Eduardo/Desktop/Logica_Progra/procesador_8bits/CPU/db/CPU.ram0_DataMemory_5d7c1658.hdl.mif Line: 1
Info (276014): Found 2 instances of uninferred RAM logic
    Info (276013): RAM logic "Memory:C2|DataMemory:datamm|RAM" is uninferred because MIF is not supported for the selected family File: C:/Users/Eduardo/Desktop/Logica_Progra/procesador_8bits/DataMemory/DataMemory.vhd Line: 16
    Info (276013): RAM logic "Memory:C2|ProgramMemory:progmem|ROM" is uninferred because MIF is not supported for the selected family File: C:/Users/Eduardo/Desktop/Logica_Progra/procesador_8bits/ProgramMemory/ProgramMemory.vhd Line: 45
Warning (13012): Latch process_unit:C1|mestados_p:C1|ALU_Select[3] has unsafe behavior File: C:/Users/Eduardo/Desktop/Logica_Progra/procesador_8bits/mestados_p/mestados_p.vhd Line: 307
    Warning (13013): Ports D and ENA on the latch are fed by the same signal process_unit:C1|mestados_p:C1|EDO.DEC_B File: C:/Users/Eduardo/Desktop/Logica_Progra/procesador_8bits/mestados_p/mestados_p.vhd Line: 21
Warning (13012): Latch process_unit:C1|mestados_p:C1|ALU_Select[2] has unsafe behavior File: C:/Users/Eduardo/Desktop/Logica_Progra/procesador_8bits/mestados_p/mestados_p.vhd Line: 307
    Warning (13013): Ports D and ENA on the latch are fed by the same signal process_unit:C1|mestados_p:C1|EDO.XOR_AB File: C:/Users/Eduardo/Desktop/Logica_Progra/procesador_8bits/mestados_p/mestados_p.vhd Line: 21
Warning (13012): Latch process_unit:C1|mestados_p:C1|ALU_Select[0] has unsafe behavior File: C:/Users/Eduardo/Desktop/Logica_Progra/procesador_8bits/mestados_p/mestados_p.vhd Line: 307
    Warning (13013): Ports D and ENA on the latch are fed by the same signal process_unit:C1|mestados_p:C1|EDO.SUB_AB File: C:/Users/Eduardo/Desktop/Logica_Progra/procesador_8bits/mestados_p/mestados_p.vhd Line: 21
Warning (13012): Latch process_unit:C1|mestados_p:C1|ALU_Select[1] has unsafe behavior File: C:/Users/Eduardo/Desktop/Logica_Progra/procesador_8bits/mestados_p/mestados_p.vhd Line: 307
    Warning (13013): Ports D and ENA on the latch are fed by the same signal process_unit:C1|mestados_p:C1|EDO.AND_AB File: C:/Users/Eduardo/Desktop/Logica_Progra/procesador_8bits/mestados_p/mestados_p.vhd Line: 21
Warning (13012): Latch process_unit:C1|mestados_p:C1|ALU_Select[6] has unsafe behavior File: C:/Users/Eduardo/Desktop/Logica_Progra/procesador_8bits/mestados_p/mestados_p.vhd Line: 307
    Warning (13013): Ports D and ENA on the latch are fed by the same signal process_unit:C1|mestados_p:C1|EDO.ADD_AB File: C:/Users/Eduardo/Desktop/Logica_Progra/procesador_8bits/mestados_p/mestados_p.vhd Line: 21
Warning (13012): Latch process_unit:C1|mestados_p:C1|ALU_Select[4] has unsafe behavior File: C:/Users/Eduardo/Desktop/Logica_Progra/procesador_8bits/mestados_p/mestados_p.vhd Line: 307
    Warning (13013): Ports D and ENA on the latch are fed by the same signal process_unit:C1|mestados_p:C1|EDO.NOT_A File: C:/Users/Eduardo/Desktop/Logica_Progra/procesador_8bits/mestados_p/mestados_p.vhd Line: 21
Info (286030): Timing-Driven Synthesis is running
Info (16010): Generating hard_block partition "hard_block:auto_generated_inst"
    Info (16011): Adding 0 node(s), including 0 DDIO, 0 PLL, 0 transceiver and 0 LCELL
Info (21057): Implemented 2207 device resources after synthesis - the final resource count might be different
    Info (21058): Implemented 130 input pins
    Info (21059): Implemented 128 output pins
    Info (21061): Implemented 1949 logic cells
Info: Quartus Prime Analysis & Synthesis was successful. 0 errors, 38 warnings
    Info: Peak virtual memory: 4807 megabytes
    Info: Processing ended: Mon May 20 10:25:07 2024
    Info: Elapsed time: 00:00:18
    Info: Total CPU time (on all processors): 00:00:33


