Flow report for bit_slice
Sun May 12 17:15:56 2024
Quartus Prime Version 18.1.0 Build 625 09/12/2018 SJ Lite Edition


---------------------
; Table of Contents ;
---------------------
  1. Legal Notice
  2. Flow Summary
  3. Flow Settings
  4. Flow Non-Default Global Settings
  5. Flow Elapsed Time
  6. Flow OS Summary
  7. Flow Log
  8. Flow Messages
  9. Flow Suppressed Messages



----------------
; Legal Notice ;
----------------
Copyright (C) 2018  Intel Corporation. All rights reserved.
Your use of Intel Corporation's design tools, logic functions 
and other software and tools, and its AMPP partner logic 
functions, and any output files from any of the foregoing 
(including device programming or simulation files), and any 
associated documentation or information are expressly subject 
to the terms and conditions of the Intel Program License 
Subscription Agreement, the Intel Quartus Prime License Agreement,
the Intel FPGA IP License Agreement, or other applicable license
agreement, including, without limitation, that your use is for
the sole purpose of programming logic devices manufactured by
Intel and sold by Intel or its authorized distributors.  Please
refer to the applicable agreement for further details.



+---------------------------------------------------------------------+
; Flow Summary                                                        ;
+-----------------------+---------------------------------------------+
; Flow Status           ; Successful - Sun May 12 17:15:56 2024       ;
; Quartus Prime Version ; 18.1.0 Build 625 09/12/2018 SJ Lite Edition ;
; Revision Name         ; bit_slice                                   ;
; Top-level Entity Name ; BIT_SLICE                                   ;
; Family                ; MAX II                                      ;
; Total logic elements  ; 9 / 240 ( 4 % )                             ;
; Total pins            ; 13 / 80 ( 16 % )                            ;
; Total virtual pins    ; 0                                           ;
; UFM blocks            ; 0 / 1 ( 0 % )                               ;
; Device                ; EPM240T100C3                                ;
; Timing Models         ; Final                                       ;
+-----------------------+---------------------------------------------+


+-----------------------------------------+
; Flow Settings                           ;
+-------------------+---------------------+
; Option            ; Setting             ;
+-------------------+---------------------+
; Start date & time ; 05/12/2024 16:15:32 ;
; Main task         ; Compilation         ;
; Revision Name     ; bit_slice           ;
+-------------------+---------------------+


+------------------------------------------------------------------------------------------------------+
; Flow Non-Default Global Settings                                                                     ;
+--------------------------+--------------------------------+---------------+-------------+------------+
; Assignment Name          ; Value                          ; Default Value ; Entity Name ; Section Id ;
+--------------------------+--------------------------------+---------------+-------------+------------+
; COMPILER_SIGNATURE_ID    ; 79846614093433.171555213213980 ; --            ; --          ; --         ;
; PROJECT_OUTPUT_DIRECTORY ; output_files                   ; --            ; --          ; --         ;
+--------------------------+--------------------------------+---------------+-------------+------------+


+--------------------------------------------------------------------------------------------------------------------------+
; Flow Elapsed Time                                                                                                        ;
+----------------------+--------------+-------------------------+---------------------+------------------------------------+
; Module Name          ; Elapsed Time ; Average Processors Used ; Peak Virtual Memory ; Total CPU Time (on all processors) ;
+----------------------+--------------+-------------------------+---------------------+------------------------------------+
; Analysis & Synthesis ; 00:00:08     ; 1.0                     ; 4769 MB             ; 00:00:18                           ;
; Fitter               ; 00:00:01     ; 1.0                     ; 5319 MB             ; 00:00:01                           ;
; Assembler            ; 00:00:01     ; 1.0                     ; 4649 MB             ; 00:00:00                           ;
; Timing Analyzer      ; 00:00:01     ; 1.0                     ; 4669 MB             ; 00:00:01                           ;
; EDA Netlist Writer   ; 00:00:01     ; 1.0                     ; 4603 MB             ; 00:00:01                           ;
; EDA Netlist Writer   ; 00:00:01     ; 1.0                     ; 4612 MB             ; 00:00:01                           ;
; EDA Netlist Writer   ; 00:00:00     ; 1.0                     ; 4603 MB             ; 00:00:01                           ;
; EDA Netlist Writer   ; 00:00:01     ; 1.0                     ; 4612 MB             ; 00:00:01                           ;
; EDA Netlist Writer   ; 00:00:00     ; 1.0                     ; 4603 MB             ; 00:00:01                           ;
; EDA Netlist Writer   ; 00:00:00     ; 1.0                     ; 4612 MB             ; 00:00:01                           ;
; EDA Netlist Writer   ; 00:00:01     ; 1.0                     ; 4603 MB             ; 00:00:01                           ;
; EDA Netlist Writer   ; 00:00:00     ; 1.0                     ; 4612 MB             ; 00:00:01                           ;
; EDA Netlist Writer   ; 00:00:01     ; 1.0                     ; 4603 MB             ; 00:00:01                           ;
; EDA Netlist Writer   ; 00:00:01     ; 1.0                     ; 4612 MB             ; 00:00:01                           ;
; EDA Netlist Writer   ; 00:00:01     ; 1.0                     ; 4603 MB             ; 00:00:01                           ;
; EDA Netlist Writer   ; 00:00:01     ; 1.0                     ; 4612 MB             ; 00:00:01                           ;
; EDA Netlist Writer   ; 00:00:01     ; 1.0                     ; 4603 MB             ; 00:00:01                           ;
; EDA Netlist Writer   ; 00:00:01     ; 1.0                     ; 4611 MB             ; 00:00:01                           ;
; EDA Netlist Writer   ; 00:00:00     ; 1.0                     ; 4603 MB             ; 00:00:01                           ;
; EDA Netlist Writer   ; 00:00:00     ; 1.0                     ; 4611 MB             ; 00:00:01                           ;
; EDA Netlist Writer   ; 00:00:01     ; 1.0                     ; 4603 MB             ; 00:00:01                           ;
; EDA Netlist Writer   ; 00:00:01     ; 1.0                     ; 4611 MB             ; 00:00:01                           ;
; EDA Netlist Writer   ; 00:00:00     ; 1.0                     ; 4603 MB             ; 00:00:01                           ;
; EDA Netlist Writer   ; 00:00:00     ; 1.0                     ; 4612 MB             ; 00:00:01                           ;
; EDA Netlist Writer   ; 00:00:00     ; 1.0                     ; 4603 MB             ; 00:00:01                           ;
; EDA Netlist Writer   ; 00:00:00     ; 1.0                     ; 4612 MB             ; 00:00:01                           ;
; Total                ; 00:00:23     ; --                      ; --                  ; 00:00:42                           ;
+----------------------+--------------+-------------------------+---------------------+------------------------------------+


+------------------------------------------------------------------------------------+
; Flow OS Summary                                                                    ;
+----------------------+------------------+------------+------------+----------------+
; Module Name          ; Machine Hostname ; OS Name    ; OS Version ; Processor type ;
+----------------------+------------------+------------+------------+----------------+
; Analysis & Synthesis ; LAPTOP-O7ET97LR  ; Windows 10 ; 10.0       ; x86_64         ;
; Fitter               ; LAPTOP-O7ET97LR  ; Windows 10 ; 10.0       ; x86_64         ;
; Assembler            ; LAPTOP-O7ET97LR  ; Windows 10 ; 10.0       ; x86_64         ;
; Timing Analyzer      ; LAPTOP-O7ET97LR  ; Windows 10 ; 10.0       ; x86_64         ;
; EDA Netlist Writer   ; LAPTOP-O7ET97LR  ; Windows 10 ; 10.0       ; x86_64         ;
; EDA Netlist Writer   ; LAPTOP-O7ET97LR  ; Windows 10 ; 10.0       ; x86_64         ;
; EDA Netlist Writer   ; LAPTOP-O7ET97LR  ; Windows 10 ; 10.0       ; x86_64         ;
; EDA Netlist Writer   ; LAPTOP-O7ET97LR  ; Windows 10 ; 10.0       ; x86_64         ;
; EDA Netlist Writer   ; LAPTOP-O7ET97LR  ; Windows 10 ; 10.0       ; x86_64         ;
; EDA Netlist Writer   ; LAPTOP-O7ET97LR  ; Windows 10 ; 10.0       ; x86_64         ;
; EDA Netlist Writer   ; LAPTOP-O7ET97LR  ; Windows 10 ; 10.0       ; x86_64         ;
; EDA Netlist Writer   ; LAPTOP-O7ET97LR  ; Windows 10 ; 10.0       ; x86_64         ;
; EDA Netlist Writer   ; LAPTOP-O7ET97LR  ; Windows 10 ; 10.0       ; x86_64         ;
; EDA Netlist Writer   ; LAPTOP-O7ET97LR  ; Windows 10 ; 10.0       ; x86_64         ;
; EDA Netlist Writer   ; LAPTOP-O7ET97LR  ; Windows 10 ; 10.0       ; x86_64         ;
; EDA Netlist Writer   ; LAPTOP-O7ET97LR  ; Windows 10 ; 10.0       ; x86_64         ;
; EDA Netlist Writer   ; LAPTOP-O7ET97LR  ; Windows 10 ; 10.0       ; x86_64         ;
; EDA Netlist Writer   ; LAPTOP-O7ET97LR  ; Windows 10 ; 10.0       ; x86_64         ;
; EDA Netlist Writer   ; LAPTOP-O7ET97LR  ; Windows 10 ; 10.0       ; x86_64         ;
; EDA Netlist Writer   ; LAPTOP-O7ET97LR  ; Windows 10 ; 10.0       ; x86_64         ;
; EDA Netlist Writer   ; LAPTOP-O7ET97LR  ; Windows 10 ; 10.0       ; x86_64         ;
; EDA Netlist Writer   ; LAPTOP-O7ET97LR  ; Windows 10 ; 10.0       ; x86_64         ;
; EDA Netlist Writer   ; LAPTOP-O7ET97LR  ; Windows 10 ; 10.0       ; x86_64         ;
; EDA Netlist Writer   ; LAPTOP-O7ET97LR  ; Windows 10 ; 10.0       ; x86_64         ;
; EDA Netlist Writer   ; LAPTOP-O7ET97LR  ; Windows 10 ; 10.0       ; x86_64         ;
; EDA Netlist Writer   ; LAPTOP-O7ET97LR  ; Windows 10 ; 10.0       ; x86_64         ;
+----------------------+------------------+------------+------------+----------------+


------------
; Flow Log ;
------------
quartus_map --read_settings_files=on --write_settings_files=off bit_slice -c bit_slice
quartus_fit --read_settings_files=off --write_settings_files=off bit_slice -c bit_slice
quartus_asm --read_settings_files=off --write_settings_files=off bit_slice -c bit_slice
quartus_sta bit_slice -c bit_slice
quartus_eda --gen_testbench --tool=modelsim_oem --format=vhdl --write_settings_files=off bit_slice -c bit_slice --vector_source=C:/Users/Eduardo/Desktop/Logica_Progra/procesador_8bits/bit_slice/bit_slice.vwf --testbench_file=C:/Users/Eduardo/Desktop/Logica_Progra/procesador_8bits/bit_slice/simulation/qsim/bit_slice.vwf.vht
quartus_eda --write_settings_files=off --simulation=on --functional=on --flatten_buses=off --tool=modelsim_oem --format=vhdl --output_directory=C:/Users/Eduardo/Desktop/Logica_Progra/procesador_8bits/bit_slice/simulation/qsim/ bit_slice -c bit_slice
quartus_eda --gen_testbench --tool=modelsim_oem --format=vhdl --write_settings_files=off bit_slice -c bit_slice --vector_source=C:/Users/Eduardo/Desktop/Logica_Progra/procesador_8bits/bit_slice/bit_slice.vwf --testbench_file=C:/Users/Eduardo/Desktop/Logica_Progra/procesador_8bits/bit_slice/simulation/qsim/bit_slice.vwf.vht
quartus_eda --write_settings_files=off --simulation=on --functional=on --flatten_buses=off --tool=modelsim_oem --format=vhdl --output_directory=C:/Users/Eduardo/Desktop/Logica_Progra/procesador_8bits/bit_slice/simulation/qsim/ bit_slice -c bit_slice
quartus_eda --gen_testbench --tool=modelsim_oem --format=vhdl --write_settings_files=off bit_slice -c bit_slice --vector_source=C:/Users/Eduardo/Desktop/Logica_Progra/procesador_8bits/bit_slice/bit_slice.vwf --testbench_file=C:/Users/Eduardo/Desktop/Logica_Progra/procesador_8bits/bit_slice/simulation/qsim/bit_slice.vwf.vht
quartus_eda --write_settings_files=off --simulation=on --functional=on --flatten_buses=off --tool=modelsim_oem --format=vhdl --output_directory=C:/Users/Eduardo/Desktop/Logica_Progra/procesador_8bits/bit_slice/simulation/qsim/ bit_slice -c bit_slice
quartus_eda --gen_testbench --tool=modelsim_oem --format=vhdl --write_settings_files=off bit_slice -c bit_slice --vector_source=C:/Users/Eduardo/Desktop/Logica_Progra/procesador_8bits/bit_slice/bit_slice.vwf --testbench_file=C:/Users/Eduardo/Desktop/Logica_Progra/procesador_8bits/bit_slice/simulation/qsim/bit_slice.vwf.vht
quartus_eda --write_settings_files=off --simulation=on --functional=on --flatten_buses=off --tool=modelsim_oem --format=vhdl --output_directory=C:/Users/Eduardo/Desktop/Logica_Progra/procesador_8bits/bit_slice/simulation/qsim/ bit_slice -c bit_slice
quartus_eda --gen_testbench --tool=modelsim_oem --format=vhdl --write_settings_files=off bit_slice -c bit_slice --vector_source=C:/Users/Eduardo/Desktop/Logica_Progra/procesador_8bits/bit_slice/bit_slice.vwf --testbench_file=C:/Users/Eduardo/Desktop/Logica_Progra/procesador_8bits/bit_slice/simulation/qsim/bit_slice.vwf.vht
quartus_eda --write_settings_files=off --simulation=on --functional=on --flatten_buses=off --tool=modelsim_oem --format=vhdl --output_directory=C:/Users/Eduardo/Desktop/Logica_Progra/procesador_8bits/bit_slice/simulation/qsim/ bit_slice -c bit_slice
quartus_eda --gen_testbench --tool=modelsim_oem --format=vhdl --write_settings_files=off bit_slice -c bit_slice --vector_source=C:/Users/Eduardo/Desktop/Logica_Progra/procesador_8bits/bit_slice/bit_slice.vwf --testbench_file=C:/Users/Eduardo/Desktop/Logica_Progra/procesador_8bits/bit_slice/simulation/qsim/bit_slice.vwf.vht
quartus_eda --write_settings_files=off --simulation=on --functional=on --flatten_buses=off --tool=modelsim_oem --format=vhdl --output_directory=C:/Users/Eduardo/Desktop/Logica_Progra/procesador_8bits/bit_slice/simulation/qsim/ bit_slice -c bit_slice
quartus_eda --gen_testbench --tool=modelsim_oem --format=vhdl --write_settings_files=off bit_slice -c bit_slice --vector_source=C:/Users/Eduardo/Desktop/Logica_Progra/procesador_8bits/bit_slice/bit_slice.vwf --testbench_file=C:/Users/Eduardo/Desktop/Logica_Progra/procesador_8bits/bit_slice/simulation/qsim/bit_slice.vwf.vht
quartus_eda --write_settings_files=off --simulation=on --functional=on --flatten_buses=off --tool=modelsim_oem --format=vhdl --output_directory=C:/Users/Eduardo/Desktop/Logica_Progra/procesador_8bits/bit_slice/simulation/qsim/ bit_slice -c bit_slice
quartus_eda --gen_testbench --tool=modelsim_oem --format=vhdl --write_settings_files=off bit_slice -c bit_slice --vector_source=C:/Users/Eduardo/Desktop/Logica_Progra/procesador_8bits/bit_slice/bit_slice.vwf --testbench_file=C:/Users/Eduardo/Desktop/Logica_Progra/procesador_8bits/bit_slice/simulation/qsim/bit_slice.vwf.vht
quartus_eda --write_settings_files=off --simulation=on --functional=on --flatten_buses=off --tool=modelsim_oem --format=vhdl --output_directory=C:/Users/Eduardo/Desktop/Logica_Progra/procesador_8bits/bit_slice/simulation/qsim/ bit_slice -c bit_slice
quartus_eda --gen_testbench --tool=modelsim_oem --format=vhdl --write_settings_files=off bit_slice -c bit_slice --vector_source=C:/Users/Eduardo/Desktop/Logica_Progra/procesador_8bits/bit_slice/bit_slice.vwf --testbench_file=C:/Users/Eduardo/Desktop/Logica_Progra/procesador_8bits/bit_slice/simulation/qsim/bit_slice.vwf.vht
quartus_eda --write_settings_files=off --simulation=on --functional=on --flatten_buses=off --tool=modelsim_oem --format=vhdl --output_directory=C:/Users/Eduardo/Desktop/Logica_Progra/procesador_8bits/bit_slice/simulation/qsim/ bit_slice -c bit_slice
quartus_eda --gen_testbench --tool=modelsim_oem --format=vhdl --write_settings_files=off bit_slice -c bit_slice --vector_source=C:/Users/Eduardo/Desktop/Logica_Progra/procesador_8bits/bit_slice/bit_slice.vwf --testbench_file=C:/Users/Eduardo/Desktop/Logica_Progra/procesador_8bits/bit_slice/simulation/qsim/bit_slice.vwf.vht
quartus_eda --write_settings_files=off --simulation=on --functional=on --flatten_buses=off --tool=modelsim_oem --format=vhdl --output_directory=C:/Users/Eduardo/Desktop/Logica_Progra/procesador_8bits/bit_slice/simulation/qsim/ bit_slice -c bit_slice
quartus_eda --gen_testbench --tool=modelsim_oem --format=vhdl --write_settings_files=off bit_slice -c bit_slice --vector_source=C:/Users/Eduardo/Desktop/Logica_Progra/procesador_8bits/bit_slice/bit_slice.vwf --testbench_file=C:/Users/Eduardo/Desktop/Logica_Progra/procesador_8bits/bit_slice/simulation/qsim/bit_slice.vwf.vht
quartus_eda --write_settings_files=off --simulation=on --functional=on --flatten_buses=off --tool=modelsim_oem --format=vhdl --output_directory=C:/Users/Eduardo/Desktop/Logica_Progra/procesador_8bits/bit_slice/simulation/qsim/ bit_slice -c bit_slice



