Analysis & Synthesis report for data_path
Sun May 12 23:44:11 2024
Quartus Prime Version 18.1.0 Build 625 09/12/2018 SJ Lite Edition


---------------------
; Table of Contents ;
---------------------
  1. Legal Notice
  2. Analysis & Synthesis Summary
  3. Analysis & Synthesis Settings
  4. Parallel Compilation
  5. Analysis & Synthesis Source Files Read
  6. Analysis & Synthesis Resource Usage Summary
  7. Analysis & Synthesis Resource Utilization by Entity
  8. Registers Removed During Synthesis
  9. General Register Statistics
 10. Multiplexer Restructuring Statistics (Restructuring Performed)
 11. Post-Synthesis Netlist Statistics for Top Partition
 12. Elapsed Time Per Partition
 13. Analysis & Synthesis Messages



----------------
; Legal Notice ;
----------------
Copyright (C) 2018  Intel Corporation. All rights reserved.
Your use of Intel Corporation's design tools, logic functions 
and other software and tools, and its AMPP partner logic 
functions, and any output files from any of the foregoing 
(including device programming or simulation files), and any 
associated documentation or information are expressly subject 
to the terms and conditions of the Intel Program License 
Subscription Agreement, the Intel Quartus Prime License Agreement,
the Intel FPGA IP License Agreement, or other applicable license
agreement, including, without limitation, that your use is for
the sole purpose of programming logic devices manufactured by
Intel and sold by Intel or its authorized distributors.  Please
refer to the applicable agreement for further details.



+----------------------------------------------------------------------------------+
; Analysis & Synthesis Summary                                                     ;
+------------------------------------+---------------------------------------------+
; Analysis & Synthesis Status        ; Successful - Sun May 12 23:44:11 2024       ;
; Quartus Prime Version              ; 18.1.0 Build 625 09/12/2018 SJ Lite Edition ;
; Revision Name                      ; data_path                                   ;
; Top-level Entity Name              ; data_path                                   ;
; Family                             ; Cyclone IV E                                ;
; Total logic elements               ; 145                                         ;
;     Total combinational functions  ; 120                                         ;
;     Dedicated logic registers      ; 43                                          ;
; Total registers                    ; 43                                          ;
; Total pins                         ; 97                                          ;
; Total virtual pins                 ; 0                                           ;
; Total memory bits                  ; 0                                           ;
; Embedded Multiplier 9-bit elements ; 0                                           ;
; Total PLLs                         ; 0                                           ;
+------------------------------------+---------------------------------------------+


+------------------------------------------------------------------------------------------------------------+
; Analysis & Synthesis Settings                                                                              ;
+------------------------------------------------------------------+--------------------+--------------------+
; Option                                                           ; Setting            ; Default Value      ;
+------------------------------------------------------------------+--------------------+--------------------+
; Top-level entity name                                            ; data_path          ; data_path          ;
; Family name                                                      ; Cyclone IV E       ; Cyclone V          ;
; Use smart compilation                                            ; Off                ; Off                ;
; Enable parallel Assembler and Timing Analyzer during compilation ; On                 ; On                 ;
; Enable compact report table                                      ; Off                ; Off                ;
; Restructure Multiplexers                                         ; Auto               ; Auto               ;
; Create Debugging Nodes for IP Cores                              ; Off                ; Off                ;
; Preserve fewer node names                                        ; On                 ; On                 ;
; Intel FPGA IP Evaluation Mode                                    ; Enable             ; Enable             ;
; Verilog Version                                                  ; Verilog_2001       ; Verilog_2001       ;
; VHDL Version                                                     ; VHDL_1993          ; VHDL_1993          ;
; State Machine Processing                                         ; Auto               ; Auto               ;
; Safe State Machine                                               ; Off                ; Off                ;
; Extract Verilog State Machines                                   ; On                 ; On                 ;
; Extract VHDL State Machines                                      ; On                 ; On                 ;
; Ignore Verilog initial constructs                                ; Off                ; Off                ;
; Iteration limit for constant Verilog loops                       ; 5000               ; 5000               ;
; Iteration limit for non-constant Verilog loops                   ; 250                ; 250                ;
; Add Pass-Through Logic to Inferred RAMs                          ; On                 ; On                 ;
; Infer RAMs from Raw Logic                                        ; On                 ; On                 ;
; Parallel Synthesis                                               ; On                 ; On                 ;
; DSP Block Balancing                                              ; Auto               ; Auto               ;
; NOT Gate Push-Back                                               ; On                 ; On                 ;
; Power-Up Don't Care                                              ; On                 ; On                 ;
; Remove Redundant Logic Cells                                     ; Off                ; Off                ;
; Remove Duplicate Registers                                       ; On                 ; On                 ;
; Ignore CARRY Buffers                                             ; Off                ; Off                ;
; Ignore CASCADE Buffers                                           ; Off                ; Off                ;
; Ignore GLOBAL Buffers                                            ; Off                ; Off                ;
; Ignore ROW GLOBAL Buffers                                        ; Off                ; Off                ;
; Ignore LCELL Buffers                                             ; Off                ; Off                ;
; Ignore SOFT Buffers                                              ; On                 ; On                 ;
; Limit AHDL Integers to 32 Bits                                   ; Off                ; Off                ;
; Optimization Technique                                           ; Balanced           ; Balanced           ;
; Carry Chain Length                                               ; 70                 ; 70                 ;
; Auto Carry Chains                                                ; On                 ; On                 ;
; Auto Open-Drain Pins                                             ; On                 ; On                 ;
; Perform WYSIWYG Primitive Resynthesis                            ; Off                ; Off                ;
; Auto ROM Replacement                                             ; On                 ; On                 ;
; Auto RAM Replacement                                             ; On                 ; On                 ;
; Auto DSP Block Replacement                                       ; On                 ; On                 ;
; Auto Shift Register Replacement                                  ; Auto               ; Auto               ;
; Allow Shift Register Merging across Hierarchies                  ; Auto               ; Auto               ;
; Auto Clock Enable Replacement                                    ; On                 ; On                 ;
; Strict RAM Replacement                                           ; Off                ; Off                ;
; Allow Synchronous Control Signals                                ; On                 ; On                 ;
; Force Use of Synchronous Clear Signals                           ; Off                ; Off                ;
; Auto RAM Block Balancing                                         ; On                 ; On                 ;
; Auto RAM to Logic Cell Conversion                                ; Off                ; Off                ;
; Auto Resource Sharing                                            ; Off                ; Off                ;
; Allow Any RAM Size For Recognition                               ; Off                ; Off                ;
; Allow Any ROM Size For Recognition                               ; Off                ; Off                ;
; Allow Any Shift Register Size For Recognition                    ; Off                ; Off                ;
; Use LogicLock Constraints during Resource Balancing              ; On                 ; On                 ;
; Ignore translate_off and synthesis_off directives                ; Off                ; Off                ;
; Timing-Driven Synthesis                                          ; On                 ; On                 ;
; Report Parameter Settings                                        ; On                 ; On                 ;
; Report Source Assignments                                        ; On                 ; On                 ;
; Report Connectivity Checks                                       ; On                 ; On                 ;
; Ignore Maximum Fan-Out Assignments                               ; Off                ; Off                ;
; Synchronization Register Chain Length                            ; 2                  ; 2                  ;
; Power Optimization During Synthesis                              ; Normal compilation ; Normal compilation ;
; HDL message level                                                ; Level2             ; Level2             ;
; Suppress Register Optimization Related Messages                  ; Off                ; Off                ;
; Number of Removed Registers Reported in Synthesis Report         ; 5000               ; 5000               ;
; Number of Swept Nodes Reported in Synthesis Report               ; 5000               ; 5000               ;
; Number of Inverted Registers Reported in Synthesis Report        ; 100                ; 100                ;
; Clock MUX Protection                                             ; On                 ; On                 ;
; Auto Gated Clock Conversion                                      ; Off                ; Off                ;
; Block Design Naming                                              ; Auto               ; Auto               ;
; SDC constraint protection                                        ; Off                ; Off                ;
; Synthesis Effort                                                 ; Auto               ; Auto               ;
; Shift Register Replacement - Allow Asynchronous Clear Signal     ; On                 ; On                 ;
; Pre-Mapping Resynthesis Optimization                             ; Off                ; Off                ;
; Analysis & Synthesis Message Level                               ; Medium             ; Medium             ;
; Disable Register Merging Across Hierarchies                      ; Auto               ; Auto               ;
; Resource Aware Inference For Block RAM                           ; On                 ; On                 ;
+------------------------------------------------------------------+--------------------+--------------------+


+------------------------------------------+
; Parallel Compilation                     ;
+----------------------------+-------------+
; Processors                 ; Number      ;
+----------------------------+-------------+
; Number detected on machine ; 8           ;
; Maximum allowed            ; 4           ;
;                            ;             ;
; Average used               ; 1.00        ;
; Maximum used               ; 4           ;
;                            ;             ;
; Usage by Processor         ; % Time Used ;
;     Processor 1            ; 100.0%      ;
;     Processors 2-4         ;   0.0%      ;
+----------------------------+-------------+


+------------------------------------------------------------------------------------------------------------------------------------------------------------------+
; Analysis & Synthesis Source Files Read                                                                                                                           ;
+----------------------------------+-----------------+-----------------+---------------------------------------------------------------------------------+---------+
; File Name with User-Entered Path ; Used in Netlist ; File Type       ; File Name with Absolute Path                                                    ; Library ;
+----------------------------------+-----------------+-----------------+---------------------------------------------------------------------------------+---------+
; ../regs/regs.vhd                 ; yes             ; User VHDL File  ; C:/Users/Eduardo/Desktop/Logica_Progra/procesador_8bits/regs/regs.vhd           ;         ;
; ../pc/pc.vhd                     ; yes             ; User VHDL File  ; C:/Users/Eduardo/Desktop/Logica_Progra/procesador_8bits/pc/pc.vhd               ;         ;
; ../ALU/ALU.vhd                   ; yes             ; User VHDL File  ; C:/Users/Eduardo/Desktop/Logica_Progra/procesador_8bits/ALU/ALU.vhd             ;         ;
; data_path.vhd                    ; yes             ; User VHDL File  ; C:/Users/Eduardo/Desktop/Logica_Progra/procesador_8bits/data_path/data_path.vhd ;         ;
+----------------------------------+-----------------+-----------------+---------------------------------------------------------------------------------+---------+


+---------------------------------------------------------+
; Analysis & Synthesis Resource Usage Summary             ;
+---------------------------------------------+-----------+
; Resource                                    ; Usage     ;
+---------------------------------------------+-----------+
; Estimated Total logic elements              ; 145       ;
;                                             ;           ;
; Total combinational functions               ; 120       ;
; Logic element usage by number of LUT inputs ;           ;
;     -- 4 input functions                    ; 62        ;
;     -- 3 input functions                    ; 41        ;
;     -- <=2 input functions                  ; 17        ;
;                                             ;           ;
; Logic elements by mode                      ;           ;
;     -- normal mode                          ; 104       ;
;     -- arithmetic mode                      ; 16        ;
;                                             ;           ;
; Total registers                             ; 43        ;
;     -- Dedicated logic registers            ; 43        ;
;     -- I/O registers                        ; 0         ;
;                                             ;           ;
; I/O pins                                    ; 97        ;
;                                             ;           ;
; Embedded Multiplier 9-bit elements          ; 0         ;
;                                             ;           ;
; Maximum fan-out node                        ; CLK~input ;
; Maximum fan-out                             ; 43        ;
; Total fan-out                               ; 757       ;
; Average fan-out                             ; 2.12      ;
+---------------------------------------------+-----------+


+----------------------------------------------------------------------------------------------------------------------------------------------------------------------------------------------------------+
; Analysis & Synthesis Resource Utilization by Entity                                                                                                                                                      ;
+----------------------------+---------------------+---------------------------+-------------+--------------+---------+-----------+------+--------------+---------------------+-------------+--------------+
; Compilation Hierarchy Node ; Combinational ALUTs ; Dedicated Logic Registers ; Memory Bits ; DSP Elements ; DSP 9x9 ; DSP 18x18 ; Pins ; Virtual Pins ; Full Hierarchy Name ; Entity Name ; Library Name ;
+----------------------------+---------------------+---------------------------+-------------+--------------+---------+-----------+------+--------------+---------------------+-------------+--------------+
; |data_path                 ; 120 (60)            ; 43 (0)                    ; 0           ; 0            ; 0       ; 0         ; 97   ; 0            ; |data_path          ; data_path   ; work         ;
;    |ALU:C2|                ; 51 (51)             ; 0 (0)                     ; 0           ; 0            ; 0       ; 0         ; 0    ; 0            ; |data_path|ALU:C2   ; ALU         ; work         ;
;    |PC:C1|                 ; 9 (9)               ; 8 (8)                     ; 0           ; 0            ; 0       ; 0         ; 0    ; 0            ; |data_path|PC:C1    ; PC          ; work         ;
;    |regs:CR|               ; 0 (0)               ; 35 (35)                   ; 0           ; 0            ; 0       ; 0         ; 0    ; 0            ; |data_path|regs:CR  ; regs        ; work         ;
+----------------------------+---------------------+---------------------------+-------------+--------------+---------+-----------+------+--------------+---------------------+-------------+--------------+
Note: For table entries with two numbers listed, the numbers in parentheses indicate the number of resources of the given type used by the specific entity alone. The numbers listed outside of parentheses indicate the total resources of the given type used by the specific entity and all of its sub-entities in the hierarchy.


+--------------------------------------------------------------------------------+
; Registers Removed During Synthesis                                             ;
+---------------------------------------+----------------------------------------+
; Register name                         ; Reason for Removal                     ;
+---------------------------------------+----------------------------------------+
; regs:CR|CCR_reg[2]                    ; Stuck at GND due to stuck port data_in ;
; Total Number of Removed Registers = 1 ;                                        ;
+---------------------------------------+----------------------------------------+


+------------------------------------------------------+
; General Register Statistics                          ;
+----------------------------------------------+-------+
; Statistic                                    ; Value ;
+----------------------------------------------+-------+
; Total registers                              ; 43    ;
; Number of registers using Synchronous Clear  ; 0     ;
; Number of registers using Synchronous Load   ; 8     ;
; Number of registers using Asynchronous Clear ; 43    ;
; Number of registers using Asynchronous Load  ; 0     ;
; Number of registers using Clock Enable       ; 43    ;
; Number of registers using Preset             ; 0     ;
+----------------------------------------------+-------+


+------------------------------------------------------------------------------------------------------------------------------------------+
; Multiplexer Restructuring Statistics (Restructuring Performed)                                                                           ;
+--------------------+-----------+---------------+----------------------+------------------------+------------+----------------------------+
; Multiplexer Inputs ; Bus Width ; Baseline Area ; Area if Restructured ; Saving if Restructured ; Registered ; Example Multiplexer Output ;
+--------------------+-----------+---------------+----------------------+------------------------+------------+----------------------------+
; 3:1                ; 8 bits    ; 16 LEs        ; 8 LEs                ; 8 LEs                  ; Yes        ; |data_path|PC:C1|cuenta[2] ;
; 3:1                ; 8 bits    ; 16 LEs        ; 16 LEs               ; 0 LEs                  ; No         ; |data_path|Mux6            ;
; 6:1                ; 7 bits    ; 28 LEs        ; 14 LEs               ; 14 LEs                 ; No         ; |data_path|ALU:C2|Add0     ;
; 4:1                ; 2 bits    ; 4 LEs         ; 4 LEs                ; 0 LEs                  ; No         ; |data_path|ALU:C2|Add0     ;
; 4:1                ; 2 bits    ; 4 LEs         ; 4 LEs                ; 0 LEs                  ; No         ; |data_path|ALU:C2|Add0     ;
; 13:1               ; 7 bits    ; 56 LEs        ; 35 LEs               ; 21 LEs                 ; No         ; |data_path|Mux15           ;
; 5:1                ; 7 bits    ; 21 LEs        ; 14 LEs               ; 7 LEs                  ; No         ; |data_path|ALU:C2|Add0     ;
+--------------------+-----------+---------------+----------------------+------------------------+------------+----------------------------+


+-----------------------------------------------------+
; Post-Synthesis Netlist Statistics for Top Partition ;
+-----------------------+-----------------------------+
; Type                  ; Count                       ;
+-----------------------+-----------------------------+
; boundary_port         ; 97                          ;
; cycloneiii_ff         ; 43                          ;
;     ENA CLR           ; 35                          ;
;     ENA CLR SLD       ; 8                           ;
; cycloneiii_lcell_comb ; 122                         ;
;     arith             ; 16                          ;
;         2 data inputs ; 7                           ;
;         3 data inputs ; 9                           ;
;     normal            ; 106                         ;
;         0 data inputs ; 2                           ;
;         1 data inputs ; 1                           ;
;         2 data inputs ; 9                           ;
;         3 data inputs ; 32                          ;
;         4 data inputs ; 62                          ;
;                       ;                             ;
; Max LUT depth         ; 9.00                        ;
; Average LUT depth     ; 5.38                        ;
+-----------------------+-----------------------------+


+-------------------------------+
; Elapsed Time Per Partition    ;
+----------------+--------------+
; Partition Name ; Elapsed Time ;
+----------------+--------------+
; Top            ; 00:00:00     ;
+----------------+--------------+


+-------------------------------+
; Analysis & Synthesis Messages ;
+-------------------------------+
Info: *******************************************************************
Info: Running Quartus Prime Analysis & Synthesis
    Info: Version 18.1.0 Build 625 09/12/2018 SJ Lite Edition
    Info: Processing started: Sun May 12 23:44:01 2024
Info: Command: quartus_map --read_settings_files=on --write_settings_files=off data_path -c data_path
Warning (18236): Number of processors has not been specified which may cause overloading on shared machines.  Set the global assignment NUM_PARALLEL_PROCESSORS in your QSF to an appropriate value for best performance.
Info (20030): Parallel compilation is enabled and will use 4 of the 4 processors detected
Info (12021): Found 2 design units, including 1 entities, in source file /users/eduardo/desktop/logica_progra/procesador_8bits/regs/regs.vhd
    Info (12022): Found design unit 1: regs-ARC File: C:/Users/Eduardo/Desktop/Logica_Progra/procesador_8bits/regs/regs.vhd Line: 15
    Info (12023): Found entity 1: regs File: C:/Users/Eduardo/Desktop/Logica_Progra/procesador_8bits/regs/regs.vhd Line: 4
Info (12021): Found 2 design units, including 1 entities, in source file /users/eduardo/desktop/logica_progra/procesador_8bits/pc/pc.vhd
    Info (12022): Found design unit 1: PC-ARC File: C:/Users/Eduardo/Desktop/Logica_Progra/procesador_8bits/pc/pc.vhd Line: 16
    Info (12023): Found entity 1: PC File: C:/Users/Eduardo/Desktop/Logica_Progra/procesador_8bits/pc/pc.vhd Line: 5
Info (12021): Found 2 design units, including 1 entities, in source file /users/eduardo/desktop/logica_progra/procesador_8bits/alu/alu.vhd
    Info (12022): Found design unit 1: ALU-Behavioral File: C:/Users/Eduardo/Desktop/Logica_Progra/procesador_8bits/ALU/ALU.vhd Line: 14
    Info (12023): Found entity 1: ALU File: C:/Users/Eduardo/Desktop/Logica_Progra/procesador_8bits/ALU/ALU.vhd Line: 5
Info (12021): Found 2 design units, including 1 entities, in source file data_path.vhd
    Info (12022): Found design unit 1: data_path-RTL File: C:/Users/Eduardo/Desktop/Logica_Progra/procesador_8bits/data_path/data_path.vhd Line: 18
    Info (12023): Found entity 1: data_path File: C:/Users/Eduardo/Desktop/Logica_Progra/procesador_8bits/data_path/data_path.vhd Line: 5
Info (12127): Elaborating entity "data_path" for the top level hierarchy
Info (12128): Elaborating entity "PC" for hierarchy "PC:C1" File: C:/Users/Eduardo/Desktop/Logica_Progra/procesador_8bits/data_path/data_path.vhd Line: 55
Info (12128): Elaborating entity "ALU" for hierarchy "ALU:C2" File: C:/Users/Eduardo/Desktop/Logica_Progra/procesador_8bits/data_path/data_path.vhd Line: 56
Warning (10492): VHDL Process Statement warning at ALU.vhd(53): signal "TempResult" is read inside the Process Statement but isn't in the Process Statement's sensitivity list File: C:/Users/Eduardo/Desktop/Logica_Progra/procesador_8bits/ALU/ALU.vhd Line: 53
Warning (10492): VHDL Process Statement warning at ALU.vhd(54): signal "TempResult" is read inside the Process Statement but isn't in the Process Statement's sensitivity list File: C:/Users/Eduardo/Desktop/Logica_Progra/procesador_8bits/ALU/ALU.vhd Line: 54
Warning (10492): VHDL Process Statement warning at ALU.vhd(60): signal "TempResult" is read inside the Process Statement but isn't in the Process Statement's sensitivity list File: C:/Users/Eduardo/Desktop/Logica_Progra/procesador_8bits/ALU/ALU.vhd Line: 60
Warning (10492): VHDL Process Statement warning at ALU.vhd(62): signal "TempResult" is read inside the Process Statement but isn't in the Process Statement's sensitivity list File: C:/Users/Eduardo/Desktop/Logica_Progra/procesador_8bits/ALU/ALU.vhd Line: 62
Warning (10631): VHDL Process Statement warning at ALU.vhd(18): inferring latch(es) for signal or variable "Flags", which holds its previous value in one or more paths through the process File: C:/Users/Eduardo/Desktop/Logica_Progra/procesador_8bits/ALU/ALU.vhd Line: 18
Info (10041): Inferred latch for "Flags[0]" at ALU.vhd(18) File: C:/Users/Eduardo/Desktop/Logica_Progra/procesador_8bits/ALU/ALU.vhd Line: 18
Info (12128): Elaborating entity "regs" for hierarchy "regs:CR" File: C:/Users/Eduardo/Desktop/Logica_Progra/procesador_8bits/data_path/data_path.vhd Line: 57
Warning (13024): Output pins are stuck at VCC or GND
    Warning (13410): Pin "CCR_Result[2]" is stuck at GND File: C:/Users/Eduardo/Desktop/Logica_Progra/procesador_8bits/data_path/data_path.vhd Line: 12
    Warning (13410): Pin "flags[0]" is stuck at VCC File: C:/Users/Eduardo/Desktop/Logica_Progra/procesador_8bits/data_path/data_path.vhd Line: 12
    Warning (13410): Pin "flags[2]" is stuck at GND File: C:/Users/Eduardo/Desktop/Logica_Progra/procesador_8bits/data_path/data_path.vhd Line: 12
Info (286030): Timing-Driven Synthesis is running
Info (16010): Generating hard_block partition "hard_block:auto_generated_inst"
    Info (16011): Adding 0 node(s), including 0 DDIO, 0 PLL, 0 transceiver and 0 LCELL
Info (21057): Implemented 252 device resources after synthesis - the final resource count might be different
    Info (21058): Implemented 25 input pins
    Info (21059): Implemented 72 output pins
    Info (21061): Implemented 155 logic cells
Info: Quartus Prime Analysis & Synthesis was successful. 0 errors, 10 warnings
    Info: Peak virtual memory: 4789 megabytes
    Info: Processing ended: Sun May 12 23:44:11 2024
    Info: Elapsed time: 00:00:10
    Info: Total CPU time (on all processors): 00:00:20


